<?xml version="1.0" encoding="UTF-8"?>
<coverage generated="1780781580232" clover="3.2.0">
  <project timestamp="1780781580232" name="All files">
    <metrics statements="264" coveredstatements="264" conditionals="74" coveredconditionals="72" methods="32" coveredmethods="31" elements="370" coveredelements="367" complexity="0" loc="264" ncloc="264" packages="1" files="2" classes="2"/>
    <file name="index.js" path="C:\Users\Harold-Ducon\Documents\Conectalocal\conectalocal-backend\index.js">
      <metrics statements="261" coveredstatements="261" conditionals="74" coveredconditionals="72" methods="31" coveredmethods="30"/>
      <line num="1" count="4" type="stmt"/>
      <line num="2" count="4" type="stmt"/>
      <line num="3" count="4" type="stmt"/>
      <line num="4" count="4" type="stmt"/>
      <line num="5" count="4" type="stmt"/>
      <line num="6" count="4" type="stmt"/>
      <line num="7" count="4" type="stmt"/>
      <line num="8" count="4" type="stmt"/>
      <line num="9" count="4" type="stmt"/>
      <line num="12" count="4" type="stmt"/>
      <line num="14" count="4" type="stmt"/>
      <line num="17" count="4" type="stmt"/>
      <line num="18" count="4" type="stmt"/>
      <line num="23" count="4" type="stmt"/>
      <line num="26" count="2" type="stmt"/>
      <line num="30" count="4" type="stmt"/>
      <line num="31" count="4" type="stmt"/>
      <line num="36" count="4" type="stmt"/>
      <line num="37" count="3" type="stmt"/>
      <line num="38" count="3" type="stmt"/>
      <line num="39" count="2" type="stmt"/>
      <line num="41" count="1" type="stmt"/>
      <line num="48" count="4" type="stmt"/>
      <line num="49" count="6" type="stmt"/>
      <line num="50" count="6" type="stmt"/>
      <line num="53" count="6" type="stmt"/>
      <line num="55" count="5" type="cond" truecount="2" falsecount="0"/>
      <line num="56" count="3" type="cond" truecount="1" falsecount="1"/>
      <line num="59" count="3" type="cond" truecount="2" falsecount="0"/>
      <line num="60" count="1" type="stmt"/>
      <line num="66" count="2" type="cond" truecount="2" falsecount="0"/>
      <line num="67" count="1" type="stmt"/>
      <line num="68" count="1" type="stmt"/>
      <line num="70" count="1" type="stmt"/>
      <line num="76" count="1" type="stmt"/>
      <line num="83" count="1" type="stmt"/>
      <line num="87" count="2" type="stmt"/>
      <line num="88" count="2" type="stmt"/>
      <line num="89" count="2" type="stmt"/>
      <line num="93" count="2" type="stmt"/>
      <line num="95" count="1" type="stmt"/>
      <line num="96" count="1" type="stmt"/>
      <line num="103" count="4" type="stmt"/>
      <line num="104" count="6" type="stmt"/>
      <line num="105" count="6" type="stmt"/>
      <line num="106" count="6" type="stmt"/>
      <line num="108" count="5" type="cond" truecount="2" falsecount="0"/>
      <line num="110" count="4" type="cond" truecount="1" falsecount="1"/>
      <line num="112" count="4" type="cond" truecount="2" falsecount="0"/>
      <line num="113" count="1" type="stmt"/>
      <line num="115" count="3" type="cond" truecount="2" falsecount="0"/>
      <line num="116" count="1" type="stmt"/>
      <line num="119" count="2" type="stmt"/>
      <line num="120" count="2" type="cond" truecount="2" falsecount="0"/>
      <line num="122" count="1" type="stmt"/>
      <line num="128" count="1" type="stmt"/>
      <line num="138" count="1" type="stmt"/>
      <line num="145" count="4" type="stmt"/>
      <line num="146" count="3" type="stmt"/>
      <line num="147" count="3" type="cond" truecount="2" falsecount="0"/>
      <line num="149" count="2" type="stmt"/>
      <line num="150" count="2" type="stmt"/>
      <line num="152" count="2" type="stmt"/>
      <line num="156" count="1" type="stmt"/>
      <line num="158" count="1" type="stmt"/>
      <line num="165" count="4" type="stmt"/>
      <line num="166" count="3" type="stmt"/>
      <line num="167" count="3" type="stmt"/>
      <line num="174" count="2" type="stmt"/>
      <line num="176" count="1" type="stmt"/>
      <line num="184" count="4" type="stmt"/>
      <line num="185" count="3" type="stmt"/>
      <line num="186" count="3" type="cond" truecount="2" falsecount="0"/>
      <line num="187" count="1" type="stmt"/>
      <line num="190" count="2" type="stmt"/>
      <line num="202" count="1" type="stmt"/>
      <line num="204" count="1" type="stmt"/>
      <line num="205" count="1" type="stmt"/>
      <line num="210" count="4" type="stmt"/>
      <line num="211" count="2" type="stmt"/>
      <line num="212" count="2" type="stmt"/>
      <line num="213" count="2" type="stmt"/>
      <line num="214" count="2" type="stmt"/>
      <line num="218" count="1" type="stmt"/>
      <line num="220" count="1" type="stmt"/>
      <line num="224" count="4" type="stmt"/>
      <line num="225" count="2" type="stmt"/>
      <line num="226" count="2" type="stmt"/>
      <line num="227" count="1" type="stmt"/>
      <line num="229" count="1" type="stmt"/>
      <line num="236" count="4" type="stmt"/>
      <line num="237" count="3" type="stmt"/>
      <line num="238" count="3" type="stmt"/>
      <line num="239" count="3" type="cond" truecount="2" falsecount="0"/>
      <line num="241" count="2" type="stmt"/>
      <line num="242" count="2" type="stmt"/>
      <line num="244" count="2" type="stmt"/>
      <line num="249" count="2" type="stmt"/>
      <line num="251" count="2" type="stmt"/>
      <line num="252" count="2" type="stmt"/>
      <line num="253" count="2" type="cond" truecount="2" falsecount="0"/>
      <line num="254" count="1" type="stmt"/>
      <line num="257" count="1" type="stmt"/>
      <line num="259" count="1" type="stmt"/>
      <line num="265" count="1" type="stmt"/>
      <line num="266" count="1" type="stmt"/>
      <line num="268" count="1" type="stmt"/>
      <line num="269" count="1" type="stmt"/>
      <line num="271" count="3" type="stmt"/>
      <line num="278" count="4" type="stmt"/>
      <line num="279" count="2" type="stmt"/>
      <line num="280" count="2" type="stmt"/>
      <line num="296" count="1" type="stmt"/>
      <line num="298" count="1" type="stmt"/>
      <line num="305" count="4" type="stmt"/>
      <line num="306" count="3" type="stmt"/>
      <line num="307" count="3" type="stmt"/>
      <line num="308" count="3" type="stmt"/>
      <line num="309" count="3" type="stmt"/>
      <line num="310" count="3" type="stmt"/>
      <line num="312" count="3" type="cond" truecount="2" falsecount="0"/>
      <line num="313" count="2" type="cond" truecount="2" falsecount="0"/>
      <line num="315" count="1" type="stmt"/>
      <line num="316" count="1" type="stmt"/>
      <line num="317" count="1" type="stmt"/>
      <line num="320" count="1" type="stmt"/>
      <line num="321" count="1" type="stmt"/>
      <line num="322" count="1" type="stmt"/>
      <line num="324" count="2" type="stmt"/>
      <line num="325" count="2" type="stmt"/>
      <line num="327" count="3" type="stmt"/>
      <line num="334" count="4" type="stmt"/>
      <line num="335" count="3" type="stmt"/>
      <line num="336" count="3" type="cond" truecount="2" falsecount="0"/>
      <line num="338" count="2" type="stmt"/>
      <line num="357" count="1" type="stmt"/>
      <line num="359" count="1" type="stmt"/>
      <line num="366" count="4" type="stmt"/>
      <line num="367" count="2" type="stmt"/>
      <line num="368" count="2" type="stmt"/>
      <line num="369" count="2" type="stmt"/>
      <line num="370" count="2" type="stmt"/>
      <line num="371" count="1" type="stmt"/>
      <line num="373" count="1" type="stmt"/>
      <line num="374" count="1" type="stmt"/>
      <line num="381" count="4" type="stmt"/>
      <line num="382" count="2" type="stmt"/>
      <line num="383" count="2" type="stmt"/>
      <line num="387" count="1" type="stmt"/>
      <line num="389" count="1" type="stmt"/>
      <line num="396" count="4" type="stmt"/>
      <line num="397" count="3" type="stmt"/>
      <line num="398" count="3" type="cond" truecount="2" falsecount="0"/>
      <line num="400" count="2" type="stmt"/>
      <line num="402" count="2" type="stmt"/>
      <line num="407" count="1" type="stmt"/>
      <line num="409" count="1" type="stmt"/>
      <line num="416" count="4" type="stmt"/>
      <line num="417" count="2" type="stmt"/>
      <line num="418" count="2" type="stmt"/>
      <line num="420" count="2" type="stmt"/>
      <line num="427" count="1" type="stmt"/>
      <line num="429" count="1" type="stmt"/>
      <line num="437" count="4" type="stmt"/>
      <line num="438" count="3" type="stmt"/>
      <line num="440" count="3" type="cond" truecount="4" falsecount="0"/>
      <line num="441" count="1" type="stmt"/>
      <line num="444" count="2" type="stmt"/>
      <line num="447" count="1" type="stmt"/>
      <line num="449" count="1" type="stmt"/>
      <line num="456" count="4" type="stmt"/>
      <line num="457" count="5" type="stmt"/>
      <line num="458" count="5" type="cond" truecount="4" falsecount="0"/>
      <line num="459" count="1" type="stmt"/>
      <line num="462" count="4" type="stmt"/>
      <line num="463" count="4" type="stmt"/>
      <line num="465" count="4" type="cond" truecount="2" falsecount="0"/>
      <line num="466" count="1" type="stmt"/>
      <line num="469" count="3" type="stmt"/>
      <line num="474" count="2" type="cond" truecount="2" falsecount="0"/>
      <line num="475" count="1" type="stmt"/>
      <line num="478" count="1" type="stmt"/>
      <line num="483" count="1" type="stmt"/>
      <line num="490" count="4" type="stmt"/>
      <line num="491" count="3" type="stmt"/>
      <line num="492" count="3" type="cond" truecount="4" falsecount="0"/>
      <line num="493" count="1" type="stmt"/>
      <line num="495" count="2" type="stmt"/>
      <line num="501" count="1" type="stmt"/>
      <line num="503" count="1" type="stmt"/>
      <line num="510" count="4" type="stmt"/>
      <line num="511" count="3" type="stmt"/>
      <line num="512" count="3" type="cond" truecount="4" falsecount="0"/>
      <line num="513" count="1" type="stmt"/>
      <line num="515" count="2" type="stmt"/>
      <line num="516" count="1" type="stmt"/>
      <line num="518" count="1" type="stmt"/>
      <line num="525" count="4" type="stmt"/>
      <line num="526" count="3" type="stmt"/>
      <line num="527" count="3" type="cond" truecount="4" falsecount="0"/>
      <line num="528" count="1" type="stmt"/>
      <line num="532" count="2" type="stmt"/>
      <line num="545" count="1" type="stmt"/>
      <line num="547" count="1" type="stmt"/>
      <line num="548" count="1" type="stmt"/>
      <line num="557" count="4" type="stmt"/>
      <line num="558" count="2" type="stmt"/>
      <line num="559" count="2" type="stmt"/>
      <line num="566" count="1" type="stmt"/>
      <line num="568" count="1" type="stmt"/>
      <line num="573" count="4" type="stmt"/>
      <line num="574" count="3" type="stmt"/>
      <line num="575" count="3" type="cond" truecount="2" falsecount="0"/>
      <line num="577" count="2" type="stmt"/>
      <line num="578" count="2" type="stmt"/>
      <line num="582" count="1" type="stmt"/>
      <line num="584" count="1" type="stmt"/>
      <line num="590" count="4" type="stmt"/>
      <line num="591" count="5" type="stmt"/>
      <line num="592" count="5" type="cond" truecount="2" falsecount="0"/>
      <line num="593" count="1" type="stmt"/>
      <line num="596" count="4" type="stmt"/>
      <line num="598" count="4" type="cond" truecount="4" falsecount="0"/>
      <line num="599" count="1" type="stmt"/>
      <line num="602" count="3" type="stmt"/>
      <line num="612" count="2" type="cond" truecount="2" falsecount="0"/>
      <line num="613" count="1" type="stmt"/>
      <line num="618" count="1" type="stmt"/>
      <line num="623" count="1" type="stmt"/>
      <line num="624" count="1" type="stmt"/>
      <line num="634" count="4" type="stmt"/>
      <line num="635" count="2" type="stmt"/>
      <line num="636" count="2" type="stmt"/>
      <line num="643" count="1" type="stmt"/>
      <line num="645" count="1" type="stmt"/>
      <line num="650" count="4" type="stmt"/>
      <line num="651" count="2" type="stmt"/>
      <line num="652" count="2" type="stmt"/>
      <line num="653" count="2" type="stmt"/>
      <line num="657" count="1" type="stmt"/>
      <line num="659" count="1" type="stmt"/>
      <line num="667" count="4" type="stmt"/>
      <line num="668" count="2" type="stmt"/>
      <line num="669" count="2" type="stmt"/>
      <line num="670" count="2" type="stmt"/>
      <line num="674" count="1" type="stmt"/>
      <line num="676" count="1" type="stmt"/>
      <line num="685" count="4" type="stmt"/>
      <line num="686" count="2" type="cond" truecount="2" falsecount="0"/>
      <line num="687" count="1" type="stmt"/>
      <line num="688" count="1" type="stmt"/>
      <line num="692" count="4" type="stmt"/>
      <line num="693" count="4" type="cond" truecount="2" falsecount="0"/>
      <line num="694" count="3" type="stmt"/>
      <line num="695" count="3" type="stmt"/>
      <line num="696" count="3" type="stmt"/>
      <line num="697" count="2" type="cond" truecount="2" falsecount="0"/>
      <line num="698" count="1" type="stmt"/>
      <line num="699" count="1" type="stmt"/>
      <line num="706" count="4" type="stmt"/>
      <line num="717" count="4" type="stmt"/>
    </file>
    <file name="logic.js" path="C:\Users\Harold-Ducon\Documents\Conectalocal\conectalocal-backend\logic.js">
      <metrics statements="3" coveredstatements="3" conditionals="0" coveredconditionals="0" methods="1" coveredmethods="1"/>
      <line num="3" count="5" type="stmt"/>
      <line num="4" count="1" type="stmt"/>
      <line num="8" count="5" type="stmt"/>
    </file>
  </project>
</coverage>
