<?xml version="1.0" encoding="UTF-8"?>
<coverage generated="1780793119987" clover="3.2.0">
  <project timestamp="1780793119987" name="All files">
    <metrics statements="270" coveredstatements="269" conditionals="89" coveredconditionals="84" methods="32" coveredmethods="31" elements="391" coveredelements="384" complexity="0" loc="270" ncloc="270" packages="1" files="2" classes="2"/>
    <file name="index.js" path="C:\Users\Harold-Ducon\Documents\Conectalocal\conectalocal-backend\index.js">
      <metrics statements="267" coveredstatements="266" conditionals="89" coveredconditionals="84" methods="31" coveredmethods="30"/>
      <line num="1" count="4" type="stmt"/>
      <line num="2" count="4" type="stmt"/>
      <line num="3" count="4" type="stmt"/>
      <line num="4" count="4" type="stmt"/>
      <line num="5" count="4" type="stmt"/>
      <line num="6" count="4" type="stmt"/>
      <line num="7" count="4" type="stmt"/>
      <line num="8" count="4" type="stmt"/>
      <line num="9" count="4" type="stmt"/>
      <line num="12" count="4" type="stmt"/>
      <line num="14" count="4" type="stmt"/>
      <line num="17" count="4" type="stmt"/>
      <line num="18" count="4" type="stmt"/>
      <line num="23" count="4" type="stmt"/>
      <line num="26" count="2" type="stmt"/>
      <line num="30" count="4" type="stmt"/>
      <line num="31" count="4" type="stmt"/>
      <line num="36" count="4" type="stmt"/>
      <line num="37" count="3" type="stmt"/>
      <line num="38" count="3" type="stmt"/>
      <line num="39" count="2" type="stmt"/>
      <line num="41" count="1" type="stmt"/>
      <line num="48" count="4" type="stmt"/>
      <line num="49" count="6" type="stmt"/>
      <line num="59" count="6" type="stmt"/>
      <line num="61" count="6" type="cond" truecount="1" falsecount="1"/>
      <line num="62" count="6" type="cond" truecount="1" falsecount="1"/>
      <line num="63" count="6" type="cond" truecount="2" falsecount="0"/>
      <line num="64" count="6" type="cond" truecount="2" falsecount="0"/>
      <line num="65" count="6" type="cond" truecount="2" falsecount="0"/>
      <line num="67" count="6" type="cond" truecount="4" falsecount="1"/>
      <line num="68" count="0" type="stmt"/>
      <line num="74" count="6" type="stmt"/>
      <line num="79" count="5" type="cond" truecount="2" falsecount="0"/>
      <line num="80" count="3" type="cond" truecount="1" falsecount="1"/>
      <line num="83" count="3" type="cond" truecount="2" falsecount="0"/>
      <line num="84" count="1" type="stmt"/>
      <line num="90" count="2" type="cond" truecount="2" falsecount="0"/>
      <line num="91" count="1" type="stmt"/>
      <line num="92" count="1" type="stmt"/>
      <line num="94" count="1" type="stmt"/>
      <line num="116" count="1" type="stmt"/>
      <line num="123" count="1" type="stmt"/>
      <line num="129" count="2" type="stmt"/>
      <line num="130" count="2" type="stmt"/>
      <line num="132" count="2" type="stmt"/>
      <line num="149" count="2" type="stmt"/>
      <line num="155" count="1" type="stmt"/>
      <line num="156" count="1" type="stmt"/>
      <line num="164" count="4" type="stmt"/>
      <line num="165" count="6" type="stmt"/>
      <line num="166" count="6" type="stmt"/>
      <line num="167" count="6" type="stmt"/>
      <line num="169" count="5" type="cond" truecount="2" falsecount="0"/>
      <line num="171" count="4" type="cond" truecount="1" falsecount="1"/>
      <line num="173" count="4" type="cond" truecount="2" falsecount="0"/>
      <line num="174" count="1" type="stmt"/>
      <line num="176" count="3" type="cond" truecount="2" falsecount="0"/>
      <line num="177" count="1" type="stmt"/>
      <line num="180" count="2" type="stmt"/>
      <line num="181" count="2" type="cond" truecount="2" falsecount="0"/>
      <line num="183" count="1" type="stmt"/>
      <line num="189" count="1" type="stmt"/>
      <line num="199" count="1" type="stmt"/>
      <line num="206" count="4" type="stmt"/>
      <line num="207" count="3" type="stmt"/>
      <line num="208" count="3" type="cond" truecount="2" falsecount="0"/>
      <line num="210" count="2" type="stmt"/>
      <line num="211" count="2" type="stmt"/>
      <line num="213" count="2" type="stmt"/>
      <line num="217" count="1" type="stmt"/>
      <line num="219" count="1" type="stmt"/>
      <line num="226" count="4" type="stmt"/>
      <line num="227" count="3" type="stmt"/>
      <line num="228" count="3" type="stmt"/>
      <line num="235" count="2" type="stmt"/>
      <line num="237" count="1" type="stmt"/>
      <line num="245" count="4" type="stmt"/>
      <line num="246" count="3" type="stmt"/>
      <line num="247" count="3" type="cond" truecount="2" falsecount="0"/>
      <line num="248" count="1" type="stmt"/>
      <line num="251" count="2" type="stmt"/>
      <line num="263" count="1" type="stmt"/>
      <line num="265" count="1" type="stmt"/>
      <line num="266" count="1" type="stmt"/>
      <line num="271" count="4" type="stmt"/>
      <line num="272" count="2" type="stmt"/>
      <line num="273" count="2" type="stmt"/>
      <line num="274" count="2" type="stmt"/>
      <line num="275" count="2" type="stmt"/>
      <line num="279" count="1" type="stmt"/>
      <line num="281" count="1" type="stmt"/>
      <line num="285" count="4" type="stmt"/>
      <line num="286" count="2" type="stmt"/>
      <line num="287" count="2" type="stmt"/>
      <line num="288" count="1" type="stmt"/>
      <line num="290" count="1" type="stmt"/>
      <line num="297" count="4" type="stmt"/>
      <line num="298" count="3" type="stmt"/>
      <line num="299" count="3" type="stmt"/>
      <line num="300" count="3" type="cond" truecount="2" falsecount="0"/>
      <line num="302" count="2" type="stmt"/>
      <line num="303" count="2" type="stmt"/>
      <line num="305" count="2" type="stmt"/>
      <line num="310" count="2" type="stmt"/>
      <line num="312" count="2" type="stmt"/>
      <line num="313" count="2" type="stmt"/>
      <line num="314" count="2" type="cond" truecount="2" falsecount="0"/>
      <line num="315" count="1" type="stmt"/>
      <line num="318" count="1" type="stmt"/>
      <line num="320" count="1" type="stmt"/>
      <line num="326" count="1" type="stmt"/>
      <line num="327" count="1" type="stmt"/>
      <line num="329" count="1" type="stmt"/>
      <line num="330" count="1" type="stmt"/>
      <line num="332" count="3" type="stmt"/>
      <line num="339" count="4" type="stmt"/>
      <line num="340" count="2" type="stmt"/>
      <line num="341" count="2" type="stmt"/>
      <line num="357" count="1" type="stmt"/>
      <line num="359" count="1" type="stmt"/>
      <line num="366" count="4" type="stmt"/>
      <line num="367" count="3" type="stmt"/>
      <line num="368" count="3" type="stmt"/>
      <line num="369" count="3" type="stmt"/>
      <line num="370" count="3" type="stmt"/>
      <line num="371" count="3" type="stmt"/>
      <line num="373" count="3" type="cond" truecount="2" falsecount="0"/>
      <line num="374" count="2" type="cond" truecount="2" falsecount="0"/>
      <line num="376" count="1" type="stmt"/>
      <line num="377" count="1" type="stmt"/>
      <line num="378" count="1" type="stmt"/>
      <line num="381" count="1" type="stmt"/>
      <line num="382" count="1" type="stmt"/>
      <line num="383" count="1" type="stmt"/>
      <line num="385" count="2" type="stmt"/>
      <line num="386" count="2" type="stmt"/>
      <line num="388" count="3" type="stmt"/>
      <line num="395" count="4" type="stmt"/>
      <line num="396" count="3" type="stmt"/>
      <line num="397" count="3" type="cond" truecount="2" falsecount="0"/>
      <line num="399" count="2" type="stmt"/>
      <line num="418" count="1" type="stmt"/>
      <line num="420" count="1" type="stmt"/>
      <line num="427" count="4" type="stmt"/>
      <line num="428" count="2" type="stmt"/>
      <line num="429" count="2" type="stmt"/>
      <line num="430" count="2" type="stmt"/>
      <line num="431" count="2" type="stmt"/>
      <line num="432" count="1" type="stmt"/>
      <line num="434" count="1" type="stmt"/>
      <line num="435" count="1" type="stmt"/>
      <line num="442" count="4" type="stmt"/>
      <line num="443" count="2" type="stmt"/>
      <line num="444" count="2" type="stmt"/>
      <line num="448" count="1" type="stmt"/>
      <line num="450" count="1" type="stmt"/>
      <line num="457" count="4" type="stmt"/>
      <line num="458" count="3" type="stmt"/>
      <line num="459" count="3" type="cond" truecount="2" falsecount="0"/>
      <line num="461" count="2" type="stmt"/>
      <line num="463" count="2" type="stmt"/>
      <line num="468" count="1" type="stmt"/>
      <line num="470" count="1" type="stmt"/>
      <line num="477" count="4" type="stmt"/>
      <line num="478" count="2" type="stmt"/>
      <line num="479" count="2" type="stmt"/>
      <line num="481" count="2" type="stmt"/>
      <line num="488" count="1" type="stmt"/>
      <line num="490" count="1" type="stmt"/>
      <line num="498" count="4" type="stmt"/>
      <line num="499" count="3" type="stmt"/>
      <line num="501" count="3" type="cond" truecount="4" falsecount="0"/>
      <line num="502" count="1" type="stmt"/>
      <line num="505" count="2" type="stmt"/>
      <line num="508" count="1" type="stmt"/>
      <line num="510" count="1" type="stmt"/>
      <line num="517" count="4" type="stmt"/>
      <line num="518" count="5" type="stmt"/>
      <line num="519" count="5" type="cond" truecount="4" falsecount="0"/>
      <line num="520" count="1" type="stmt"/>
      <line num="523" count="4" type="stmt"/>
      <line num="524" count="4" type="stmt"/>
      <line num="526" count="4" type="cond" truecount="2" falsecount="0"/>
      <line num="527" count="1" type="stmt"/>
      <line num="530" count="3" type="stmt"/>
      <line num="535" count="2" type="cond" truecount="2" falsecount="0"/>
      <line num="536" count="1" type="stmt"/>
      <line num="539" count="1" type="stmt"/>
      <line num="544" count="1" type="stmt"/>
      <line num="551" count="4" type="stmt"/>
      <line num="552" count="3" type="stmt"/>
      <line num="553" count="3" type="cond" truecount="4" falsecount="0"/>
      <line num="554" count="1" type="stmt"/>
      <line num="556" count="2" type="stmt"/>
      <line num="562" count="1" type="stmt"/>
      <line num="564" count="1" type="stmt"/>
      <line num="571" count="4" type="stmt"/>
      <line num="572" count="3" type="stmt"/>
      <line num="573" count="3" type="cond" truecount="4" falsecount="0"/>
      <line num="574" count="1" type="stmt"/>
      <line num="576" count="2" type="stmt"/>
      <line num="577" count="1" type="stmt"/>
      <line num="579" count="1" type="stmt"/>
      <line num="586" count="4" type="stmt"/>
      <line num="587" count="3" type="stmt"/>
      <line num="588" count="3" type="cond" truecount="4" falsecount="0"/>
      <line num="589" count="1" type="stmt"/>
      <line num="593" count="2" type="stmt"/>
      <line num="606" count="1" type="stmt"/>
      <line num="608" count="1" type="stmt"/>
      <line num="609" count="1" type="stmt"/>
      <line num="618" count="4" type="stmt"/>
      <line num="619" count="2" type="stmt"/>
      <line num="620" count="2" type="stmt"/>
      <line num="627" count="1" type="stmt"/>
      <line num="629" count="1" type="stmt"/>
      <line num="634" count="4" type="stmt"/>
      <line num="635" count="3" type="stmt"/>
      <line num="636" count="3" type="cond" truecount="2" falsecount="0"/>
      <line num="638" count="2" type="stmt"/>
      <line num="639" count="2" type="stmt"/>
      <line num="643" count="1" type="stmt"/>
      <line num="645" count="1" type="stmt"/>
      <line num="651" count="4" type="stmt"/>
      <line num="652" count="5" type="stmt"/>
      <line num="653" count="5" type="cond" truecount="2" falsecount="0"/>
      <line num="654" count="1" type="stmt"/>
      <line num="657" count="4" type="stmt"/>
      <line num="659" count="4" type="cond" truecount="4" falsecount="0"/>
      <line num="660" count="1" type="stmt"/>
      <line num="663" count="3" type="stmt"/>
      <line num="673" count="2" type="cond" truecount="2" falsecount="0"/>
      <line num="674" count="1" type="stmt"/>
      <line num="679" count="1" type="stmt"/>
      <line num="684" count="1" type="stmt"/>
      <line num="685" count="1" type="stmt"/>
      <line num="695" count="4" type="stmt"/>
      <line num="696" count="2" type="stmt"/>
      <line num="697" count="2" type="stmt"/>
      <line num="704" count="1" type="stmt"/>
      <line num="706" count="1" type="stmt"/>
      <line num="711" count="4" type="stmt"/>
      <line num="712" count="2" type="stmt"/>
      <line num="713" count="2" type="stmt"/>
      <line num="714" count="2" type="stmt"/>
      <line num="718" count="1" type="stmt"/>
      <line num="720" count="1" type="stmt"/>
      <line num="728" count="4" type="stmt"/>
      <line num="729" count="2" type="stmt"/>
      <line num="730" count="2" type="stmt"/>
      <line num="731" count="2" type="stmt"/>
      <line num="735" count="1" type="stmt"/>
      <line num="737" count="1" type="stmt"/>
      <line num="746" count="4" type="stmt"/>
      <line num="747" count="2" type="cond" truecount="2" falsecount="0"/>
      <line num="748" count="1" type="stmt"/>
      <line num="749" count="1" type="stmt"/>
      <line num="753" count="4" type="stmt"/>
      <line num="754" count="4" type="cond" truecount="2" falsecount="0"/>
      <line num="755" count="3" type="stmt"/>
      <line num="756" count="3" type="stmt"/>
      <line num="757" count="3" type="stmt"/>
      <line num="758" count="2" type="cond" truecount="2" falsecount="0"/>
      <line num="759" count="1" type="stmt"/>
      <line num="760" count="1" type="stmt"/>
      <line num="767" count="4" type="stmt"/>
    </file>
    <file name="logic.js" path="C:\Users\Harold-Ducon\Documents\Conectalocal\conectalocal-backend\logic.js">
      <metrics statements="3" coveredstatements="3" conditionals="0" coveredconditionals="0" methods="1" coveredmethods="1"/>
      <line num="3" count="5" type="stmt"/>
      <line num="4" count="1" type="stmt"/>
      <line num="8" count="5" type="stmt"/>
    </file>
  </project>
</coverage>
