{"C:\\Users\\Harold-Ducon\\Documents\\Conectalocal\\conectalocal-backend\\index.js": {"path":"C:\\Users\\Harold-Ducon\\Documents\\Conectalocal\\conectalocal-backend\\index.js","statementMap":{"0":{"start":{"line":1,"column":16},"end":{"line":1,"column":34}},"1":{"start":{"line":2,"column":13},"end":{"line":2,"column":28}},"2":{"start":{"line":3,"column":15},"end":{"line":3,"column":32}},"3":{"start":{"line":4,"column":12},"end":{"line":4,"column":35}},"4":{"start":{"line":5,"column":15},"end":{"line":5,"column":32}},"5":{"start":{"line":6,"column":13},"end":{"line":6,"column":28}},"6":{"start":{"line":7,"column":0},"end":{"line":7,"column":42}},"7":{"start":{"line":8,"column":13},"end":{"line":8,"column":28}},"8":{"start":{"line":9,"column":26},"end":{"line":9,"column":44}},"9":{"start":{"line":12,"column":21},"end":{"line":12,"column":57}},"10":{"start":{"line":14,"column":12},"end":{"line":14,"column":21}},"11":{"start":{"line":17,"column":0},"end":{"line":17,"column":16}},"12":{"start":{"line":18,"column":0},"end":{"line":18,"column":24}},"13":{"start":{"line":23,"column":16},"end":{"line":28,"column":2}},"14":{"start":{"line":26,"column":8},"end":{"line":26,"column":63}},"15":{"start":{"line":30,"column":15},"end":{"line":30,"column":43}},"16":{"start":{"line":31,"column":0},"end":{"line":31,"column":47}},"17":{"start":{"line":36,"column":0},"end":{"line":43,"column":3}},"18":{"start":{"line":37,"column":4},"end":{"line":42,"column":5}},"19":{"start":{"line":38,"column":23},"end":{"line":38,"column":55}},"20":{"start":{"line":39,"column":8},"end":{"line":39,"column":78}},"21":{"start":{"line":41,"column":8},"end":{"line":41,"column":55}},"22":{"start":{"line":48,"column":0},"end":{"line":98,"column":3}},"23":{"start":{"line":49,"column":4},"end":{"line":97,"column":5}},"24":{"start":{"line":50,"column":84},"end":{"line":50,"column":92}},"25":{"start":{"line":53,"column":33},"end":{"line":53,"column":101}},"26":{"start":{"line":55,"column":8},"end":{"line":84,"column":9}},"27":{"start":{"line":56,"column":33},"end":{"line":56,"column":76}},"28":{"start":{"line":59,"column":12},"end":{"line":63,"column":13}},"29":{"start":{"line":60,"column":16},"end":{"line":62,"column":19}},"30":{"start":{"line":66,"column":12},"end":{"line":80,"column":13}},"31":{"start":{"line":67,"column":29},"end":{"line":67,"column":53}},"32":{"start":{"line":68,"column":39},"end":{"line":68,"column":72}},"33":{"start":{"line":70,"column":42},"end":{"line":75,"column":17}},"34":{"start":{"line":76,"column":16},"end":{"line":79,"column":19}},"35":{"start":{"line":83,"column":12},"end":{"line":83,"column":94}},"36":{"start":{"line":87,"column":21},"end":{"line":87,"column":45}},"37":{"start":{"line":88,"column":31},"end":{"line":88,"column":64}},"38":{"start":{"line":89,"column":29},"end":{"line":92,"column":9}},"39":{"start":{"line":93,"column":8},"end":{"line":93,"column":79}},"40":{"start":{"line":95,"column":8},"end":{"line":95,"column":27}},"41":{"start":{"line":96,"column":8},"end":{"line":96,"column":51}},"42":{"start":{"line":103,"column":0},"end":{"line":140,"column":3}},"43":{"start":{"line":104,"column":4},"end":{"line":139,"column":5}},"44":{"start":{"line":105,"column":36},"end":{"line":105,"column":44}},"45":{"start":{"line":106,"column":24},"end":{"line":106,"column":92}},"46":{"start":{"line":108,"column":8},"end":{"line":108,"column":106}},"47":{"start":{"line":108,"column":39},"end":{"line":108,"column":106}},"48":{"start":{"line":110,"column":30},"end":{"line":110,"column":64}},"49":{"start":{"line":112,"column":8},"end":{"line":114,"column":9}},"50":{"start":{"line":113,"column":12},"end":{"line":113,"column":110}},"51":{"start":{"line":115,"column":8},"end":{"line":117,"column":9}},"52":{"start":{"line":116,"column":12},"end":{"line":116,"column":119}},"53":{"start":{"line":119,"column":31},"end":{"line":119,"column":87}},"54":{"start":{"line":120,"column":8},"end":{"line":120,"column":96}},"55":{"start":{"line":120,"column":29},"end":{"line":120,"column":96}},"56":{"start":{"line":122,"column":22},"end":{"line":126,"column":9}},"57":{"start":{"line":128,"column":8},"end":{"line":136,"column":11}},"58":{"start":{"line":138,"column":8},"end":{"line":138,"column":47}},"59":{"start":{"line":145,"column":0},"end":{"line":160,"column":3}},"60":{"start":{"line":146,"column":4},"end":{"line":159,"column":5}},"61":{"start":{"line":147,"column":8},"end":{"line":147,"column":101}},"62":{"start":{"line":147,"column":45},"end":{"line":147,"column":101}},"63":{"start":{"line":149,"column":66},"end":{"line":149,"column":74}},"64":{"start":{"line":150,"column":30},"end":{"line":150,"column":80}},"65":{"start":{"line":150,"column":52},"end":{"line":150,"column":79}},"66":{"start":{"line":152,"column":30},"end":{"line":155,"column":9}},"67":{"start":{"line":156,"column":8},"end":{"line":156,"column":40}},"68":{"start":{"line":158,"column":8},"end":{"line":158,"column":56}},"69":{"start":{"line":165,"column":0},"end":{"line":178,"column":3}},"70":{"start":{"line":166,"column":4},"end":{"line":177,"column":5}},"71":{"start":{"line":167,"column":34},"end":{"line":173,"column":10}},"72":{"start":{"line":174,"column":8},"end":{"line":174,"column":41}},"73":{"start":{"line":176,"column":8},"end":{"line":176,"column":59}},"74":{"start":{"line":184,"column":0},"end":{"line":207,"column":3}},"75":{"start":{"line":185,"column":4},"end":{"line":206,"column":5}},"76":{"start":{"line":186,"column":8},"end":{"line":188,"column":9}},"77":{"start":{"line":187,"column":12},"end":{"line":187,"column":68}},"78":{"start":{"line":190,"column":26},"end":{"line":200,"column":28}},"79":{"start":{"line":202,"column":8},"end":{"line":202,"column":33}},"80":{"start":{"line":204,"column":8},"end":{"line":204,"column":59}},"81":{"start":{"line":205,"column":8},"end":{"line":205,"column":60}},"82":{"start":{"line":210,"column":0},"end":{"line":222,"column":3}},"83":{"start":{"line":211,"column":4},"end":{"line":221,"column":5}},"84":{"start":{"line":212,"column":23},"end":{"line":212,"column":33}},"85":{"start":{"line":213,"column":34},"end":{"line":213,"column":42}},"86":{"start":{"line":214,"column":26},"end":{"line":217,"column":9}},"87":{"start":{"line":218,"column":8},"end":{"line":218,"column":36}},"88":{"start":{"line":220,"column":8},"end":{"line":220,"column":52}},"89":{"start":{"line":224,"column":0},"end":{"line":231,"column":3}},"90":{"start":{"line":225,"column":4},"end":{"line":230,"column":5}},"91":{"start":{"line":226,"column":8},"end":{"line":226,"column":119}},"92":{"start":{"line":227,"column":8},"end":{"line":227,"column":57}},"93":{"start":{"line":229,"column":8},"end":{"line":229,"column":50}},"94":{"start":{"line":236,"column":0},"end":{"line":273,"column":3}},"95":{"start":{"line":237,"column":19},"end":{"line":237,"column":39}},"96":{"start":{"line":238,"column":4},"end":{"line":272,"column":5}},"97":{"start":{"line":239,"column":8},"end":{"line":239,"column":106}},"98":{"start":{"line":239,"column":46},"end":{"line":239,"column":106}},"99":{"start":{"line":241,"column":8},"end":{"line":241,"column":36}},"100":{"start":{"line":242,"column":78},"end":{"line":242,"column":86}},"101":{"start":{"line":244,"column":28},"end":{"line":248,"column":9}},"102":{"start":{"line":249,"column":26},"end":{"line":249,"column":48}},"103":{"start":{"line":251,"column":8},"end":{"line":263,"column":9}},"104":{"start":{"line":252,"column":29},"end":{"line":252,"column":103}},"105":{"start":{"line":253,"column":12},"end":{"line":255,"column":13}},"106":{"start":{"line":254,"column":16},"end":{"line":254,"column":87}},"107":{"start":{"line":257,"column":12},"end":{"line":257,"column":114}},"108":{"start":{"line":259,"column":12},"end":{"line":262,"column":14}},"109":{"start":{"line":265,"column":8},"end":{"line":265,"column":37}},"110":{"start":{"line":266,"column":8},"end":{"line":266,"column":59}},"111":{"start":{"line":268,"column":8},"end":{"line":268,"column":39}},"112":{"start":{"line":269,"column":8},"end":{"line":269,"column":53}},"113":{"start":{"line":271,"column":8},"end":{"line":271,"column":25}},"114":{"start":{"line":278,"column":0},"end":{"line":300,"column":3}},"115":{"start":{"line":279,"column":4},"end":{"line":299,"column":5}},"116":{"start":{"line":280,"column":24},"end":{"line":294,"column":28}},"117":{"start":{"line":296,"column":8},"end":{"line":296,"column":31}},"118":{"start":{"line":298,"column":8},"end":{"line":298,"column":59}},"119":{"start":{"line":305,"column":0},"end":{"line":329,"column":3}},"120":{"start":{"line":306,"column":19},"end":{"line":306,"column":39}},"121":{"start":{"line":307,"column":4},"end":{"line":328,"column":5}},"122":{"start":{"line":308,"column":23},"end":{"line":308,"column":33}},"123":{"start":{"line":309,"column":8},"end":{"line":309,"column":36}},"124":{"start":{"line":310,"column":23},"end":{"line":310,"column":105}},"125":{"start":{"line":312,"column":8},"end":{"line":312,"column":78}},"126":{"start":{"line":312,"column":38},"end":{"line":312,"column":78}},"127":{"start":{"line":313,"column":8},"end":{"line":313,"column":112}},"128":{"start":{"line":313,"column":79},"end":{"line":313,"column":112}},"129":{"start":{"line":315,"column":25},"end":{"line":315,"column":123}},"130":{"start":{"line":316,"column":8},"end":{"line":318,"column":9}},"131":{"start":{"line":317,"column":12},"end":{"line":317,"column":123}},"132":{"start":{"line":320,"column":8},"end":{"line":320,"column":90}},"133":{"start":{"line":321,"column":8},"end":{"line":321,"column":37}},"134":{"start":{"line":322,"column":8},"end":{"line":322,"column":50}},"135":{"start":{"line":324,"column":8},"end":{"line":324,"column":39}},"136":{"start":{"line":325,"column":8},"end":{"line":325,"column":53}},"137":{"start":{"line":327,"column":8},"end":{"line":327,"column":25}},"138":{"start":{"line":334,"column":0},"end":{"line":361,"column":3}},"139":{"start":{"line":335,"column":4},"end":{"line":360,"column":5}},"140":{"start":{"line":336,"column":8},"end":{"line":336,"column":101}},"141":{"start":{"line":336,"column":45},"end":{"line":336,"column":101}},"142":{"start":{"line":338,"column":23},"end":{"line":355,"column":28}},"143":{"start":{"line":357,"column":8},"end":{"line":357,"column":30}},"144":{"start":{"line":359,"column":8},"end":{"line":359,"column":56}},"145":{"start":{"line":366,"column":0},"end":{"line":376,"column":3}},"146":{"start":{"line":367,"column":4},"end":{"line":375,"column":5}},"147":{"start":{"line":368,"column":23},"end":{"line":368,"column":33}},"148":{"start":{"line":369,"column":27},"end":{"line":369,"column":35}},"149":{"start":{"line":370,"column":8},"end":{"line":370,"column":87}},"150":{"start":{"line":371,"column":8},"end":{"line":371,"column":52}},"151":{"start":{"line":373,"column":8},"end":{"line":373,"column":48}},"152":{"start":{"line":374,"column":8},"end":{"line":374,"column":52}},"153":{"start":{"line":381,"column":0},"end":{"line":391,"column":3}},"154":{"start":{"line":382,"column":4},"end":{"line":390,"column":5}},"155":{"start":{"line":383,"column":24},"end":{"line":386,"column":9}},"156":{"start":{"line":387,"column":8},"end":{"line":387,"column":34}},"157":{"start":{"line":389,"column":8},"end":{"line":389,"column":67}},"158":{"start":{"line":396,"column":0},"end":{"line":411,"column":3}},"159":{"start":{"line":397,"column":4},"end":{"line":410,"column":5}},"160":{"start":{"line":398,"column":8},"end":{"line":398,"column":92}},"161":{"start":{"line":398,"column":23},"end":{"line":398,"column":92}},"162":{"start":{"line":400,"column":25},"end":{"line":400,"column":56}},"163":{"start":{"line":402,"column":8},"end":{"line":405,"column":10}},"164":{"start":{"line":407,"column":8},"end":{"line":407,"column":83}},"165":{"start":{"line":409,"column":8},"end":{"line":409,"column":71}},"166":{"start":{"line":416,"column":0},"end":{"line":431,"column":3}},"167":{"start":{"line":417,"column":4},"end":{"line":430,"column":5}},"168":{"start":{"line":418,"column":89},"end":{"line":418,"column":97}},"169":{"start":{"line":420,"column":8},"end":{"line":425,"column":10}},"170":{"start":{"line":427,"column":8},"end":{"line":427,"column":66}},"171":{"start":{"line":429,"column":8},"end":{"line":429,"column":73}},"172":{"start":{"line":437,"column":0},"end":{"line":451,"column":3}},"173":{"start":{"line":438,"column":4},"end":{"line":450,"column":5}},"174":{"start":{"line":440,"column":8},"end":{"line":442,"column":9}},"175":{"start":{"line":441,"column":12},"end":{"line":441,"column":98}},"176":{"start":{"line":444,"column":25},"end":{"line":446,"column":9}},"177":{"start":{"line":447,"column":8},"end":{"line":447,"column":32}},"178":{"start":{"line":449,"column":8},"end":{"line":449,"column":70}},"179":{"start":{"line":456,"column":0},"end":{"line":485,"column":3}},"180":{"start":{"line":457,"column":4},"end":{"line":484,"column":5}},"181":{"start":{"line":458,"column":8},"end":{"line":460,"column":9}},"182":{"start":{"line":459,"column":12},"end":{"line":459,"column":98}},"183":{"start":{"line":462,"column":23},"end":{"line":462,"column":33}},"184":{"start":{"line":463,"column":27},"end":{"line":463,"column":35}},"185":{"start":{"line":465,"column":8},"end":{"line":467,"column":9}},"186":{"start":{"line":466,"column":12},"end":{"line":466,"column":106}},"187":{"start":{"line":469,"column":35},"end":{"line":472,"column":9}},"188":{"start":{"line":474,"column":8},"end":{"line":476,"column":9}},"189":{"start":{"line":475,"column":12},"end":{"line":475,"column":77}},"190":{"start":{"line":478,"column":8},"end":{"line":481,"column":11}},"191":{"start":{"line":483,"column":8},"end":{"line":483,"column":74}},"192":{"start":{"line":490,"column":0},"end":{"line":505,"column":3}},"193":{"start":{"line":491,"column":4},"end":{"line":504,"column":5}},"194":{"start":{"line":492,"column":8},"end":{"line":494,"column":9}},"195":{"start":{"line":493,"column":12},"end":{"line":493,"column":71}},"196":{"start":{"line":495,"column":26},"end":{"line":500,"column":10}},"197":{"start":{"line":501,"column":8},"end":{"line":501,"column":33}},"198":{"start":{"line":503,"column":8},"end":{"line":503,"column":63}},"199":{"start":{"line":510,"column":0},"end":{"line":520,"column":3}},"200":{"start":{"line":511,"column":4},"end":{"line":519,"column":5}},"201":{"start":{"line":512,"column":8},"end":{"line":514,"column":9}},"202":{"start":{"line":513,"column":12},"end":{"line":513,"column":71}},"203":{"start":{"line":515,"column":8},"end":{"line":515,"column":81}},"204":{"start":{"line":516,"column":8},"end":{"line":516,"column":77}},"205":{"start":{"line":518,"column":8},"end":{"line":518,"column":62}},"206":{"start":{"line":525,"column":0},"end":{"line":550,"column":3}},"207":{"start":{"line":526,"column":4},"end":{"line":549,"column":5}},"208":{"start":{"line":527,"column":8},"end":{"line":529,"column":9}},"209":{"start":{"line":528,"column":12},"end":{"line":528,"column":71}},"210":{"start":{"line":532,"column":24},"end":{"line":544,"column":10}},"211":{"start":{"line":545,"column":8},"end":{"line":545,"column":31}},"212":{"start":{"line":547,"column":8},"end":{"line":547,"column":27}},"213":{"start":{"line":548,"column":8},"end":{"line":548,"column":67}},"214":{"start":{"line":557,"column":0},"end":{"line":570,"column":3}},"215":{"start":{"line":558,"column":4},"end":{"line":569,"column":5}},"216":{"start":{"line":559,"column":26},"end":{"line":565,"column":27}},"217":{"start":{"line":566,"column":8},"end":{"line":566,"column":33}},"218":{"start":{"line":568,"column":8},"end":{"line":568,"column":74}},"219":{"start":{"line":573,"column":0},"end":{"line":586,"column":3}},"220":{"start":{"line":574,"column":4},"end":{"line":585,"column":5}},"221":{"start":{"line":575,"column":8},"end":{"line":575,"column":127}},"222":{"start":{"line":575,"column":46},"end":{"line":575,"column":127}},"223":{"start":{"line":577,"column":29},"end":{"line":577,"column":37}},"224":{"start":{"line":578,"column":30},"end":{"line":581,"column":9}},"225":{"start":{"line":582,"column":8},"end":{"line":582,"column":79}},"226":{"start":{"line":584,"column":8},"end":{"line":584,"column":71}},"227":{"start":{"line":590,"column":0},"end":{"line":626,"column":3}},"228":{"start":{"line":591,"column":4},"end":{"line":625,"column":5}},"229":{"start":{"line":592,"column":8},"end":{"line":594,"column":9}},"230":{"start":{"line":593,"column":12},"end":{"line":593,"column":88}},"231":{"start":{"line":596,"column":30},"end":{"line":596,"column":38}},"232":{"start":{"line":598,"column":8},"end":{"line":600,"column":9}},"233":{"start":{"line":599,"column":12},"end":{"line":599,"column":88}},"234":{"start":{"line":602,"column":35},"end":{"line":610,"column":54}},"235":{"start":{"line":612,"column":8},"end":{"line":616,"column":9}},"236":{"start":{"line":613,"column":12},"end":{"line":615,"column":15}},"237":{"start":{"line":618,"column":8},"end":{"line":621,"column":11}},"238":{"start":{"line":623,"column":8},"end":{"line":623,"column":59}},"239":{"start":{"line":624,"column":8},"end":{"line":624,"column":62}},"240":{"start":{"line":634,"column":0},"end":{"line":647,"column":3}},"241":{"start":{"line":635,"column":4},"end":{"line":646,"column":5}},"242":{"start":{"line":636,"column":25},"end":{"line":642,"column":27}},"243":{"start":{"line":643,"column":8},"end":{"line":643,"column":32}},"244":{"start":{"line":645,"column":8},"end":{"line":645,"column":68}},"245":{"start":{"line":650,"column":0},"end":{"line":661,"column":3}},"246":{"start":{"line":651,"column":4},"end":{"line":660,"column":5}},"247":{"start":{"line":652,"column":28},"end":{"line":652,"column":36}},"248":{"start":{"line":653,"column":29},"end":{"line":656,"column":9}},"249":{"start":{"line":657,"column":8},"end":{"line":657,"column":77}},"250":{"start":{"line":659,"column":8},"end":{"line":659,"column":70}},"251":{"start":{"line":667,"column":0},"end":{"line":678,"column":3}},"252":{"start":{"line":668,"column":4},"end":{"line":677,"column":5}},"253":{"start":{"line":669,"column":51},"end":{"line":669,"column":59}},"254":{"start":{"line":670,"column":8},"end":{"line":673,"column":10}},"255":{"start":{"line":674,"column":8},"end":{"line":674,"column":93}},"256":{"start":{"line":676,"column":8},"end":{"line":676,"column":70}},"257":{"start":{"line":685,"column":0},"end":{"line":689,"column":3}},"258":{"start":{"line":686,"column":4},"end":{"line":686,"column":90}},"259":{"start":{"line":686,"column":37},"end":{"line":686,"column":90}},"260":{"start":{"line":687,"column":21},"end":{"line":687,"column":90}},"261":{"start":{"line":688,"column":4},"end":{"line":688,"column":28}},"262":{"start":{"line":692,"column":0},"end":{"line":700,"column":3}},"263":{"start":{"line":693,"column":4},"end":{"line":693,"column":90}},"264":{"start":{"line":693,"column":37},"end":{"line":693,"column":90}},"265":{"start":{"line":694,"column":22},"end":{"line":694,"column":30}},"266":{"start":{"line":695,"column":4},"end":{"line":699,"column":83}},"267":{"start":{"line":696,"column":23},"end":{"line":696,"column":114}},"268":{"start":{"line":697,"column":8},"end":{"line":697,"column":99}},"269":{"start":{"line":697,"column":35},"end":{"line":697,"column":99}},"270":{"start":{"line":698,"column":8},"end":{"line":698,"column":77}},"271":{"start":{"line":699,"column":20},"end":{"line":699,"column":81}},"272":{"start":{"line":706,"column":0},"end":{"line":706,"column":21}},"273":{"start":{"line":717,"column":0},"end":{"line":717,"column":21}}},"fnMap":{"0":{"name":"(anonymous_0)","decl":{"start":{"line":25,"column":14},"end":{"line":25,"column":15}},"loc":{"start":{"line":25,"column":33},"end":{"line":27,"column":5}},"line":25},"1":{"name":"(anonymous_1)","decl":{"start":{"line":36,"column":20},"end":{"line":36,"column":21}},"loc":{"start":{"line":36,"column":40},"end":{"line":43,"column":1}},"line":36},"2":{"name":"(anonymous_2)","decl":{"start":{"line":48,"column":26},"end":{"line":48,"column":27}},"loc":{"start":{"line":48,"column":46},"end":{"line":98,"column":1}},"line":48},"3":{"name":"(anonymous_3)","decl":{"start":{"line":103,"column":23},"end":{"line":103,"column":24}},"loc":{"start":{"line":103,"column":43},"end":{"line":140,"column":1}},"line":103},"4":{"name":"(anonymous_4)","decl":{"start":{"line":145,"column":70},"end":{"line":145,"column":71}},"loc":{"start":{"line":145,"column":90},"end":{"line":160,"column":1}},"line":145},"5":{"name":"(anonymous_5)","decl":{"start":{"line":150,"column":44},"end":{"line":150,"column":45}},"loc":{"start":{"line":150,"column":52},"end":{"line":150,"column":79}},"line":150},"6":{"name":"(anonymous_6)","decl":{"start":{"line":165,"column":26},"end":{"line":165,"column":27}},"loc":{"start":{"line":165,"column":46},"end":{"line":178,"column":1}},"line":165},"7":{"name":"(anonymous_7)","decl":{"start":{"line":184,"column":44},"end":{"line":184,"column":45}},"loc":{"start":{"line":184,"column":64},"end":{"line":207,"column":1}},"line":184},"8":{"name":"(anonymous_8)","decl":{"start":{"line":210,"column":52},"end":{"line":210,"column":53}},"loc":{"start":{"line":210,"column":72},"end":{"line":222,"column":1}},"line":210},"9":{"name":"(anonymous_9)","decl":{"start":{"line":224,"column":47},"end":{"line":224,"column":48}},"loc":{"start":{"line":224,"column":67},"end":{"line":231,"column":1}},"line":224},"10":{"name":"(anonymous_10)","decl":{"start":{"line":236,"column":39},"end":{"line":236,"column":40}},"loc":{"start":{"line":236,"column":59},"end":{"line":273,"column":1}},"line":236},"11":{"name":"(anonymous_11)","decl":{"start":{"line":278,"column":42},"end":{"line":278,"column":43}},"loc":{"start":{"line":278,"column":62},"end":{"line":300,"column":1}},"line":278},"12":{"name":"(anonymous_12)","decl":{"start":{"line":305,"column":52},"end":{"line":305,"column":53}},"loc":{"start":{"line":305,"column":72},"end":{"line":329,"column":1}},"line":305},"13":{"name":"(anonymous_13)","decl":{"start":{"line":334,"column":41},"end":{"line":334,"column":42}},"loc":{"start":{"line":334,"column":61},"end":{"line":361,"column":1}},"line":334},"14":{"name":"(anonymous_14)","decl":{"start":{"line":366,"column":49},"end":{"line":366,"column":50}},"loc":{"start":{"line":366,"column":69},"end":{"line":376,"column":1}},"line":366},"15":{"name":"(anonymous_15)","decl":{"start":{"line":381,"column":37},"end":{"line":381,"column":38}},"loc":{"start":{"line":381,"column":57},"end":{"line":391,"column":1}},"line":381},"16":{"name":"(anonymous_16)","decl":{"start":{"line":396,"column":65},"end":{"line":396,"column":66}},"loc":{"start":{"line":396,"column":85},"end":{"line":411,"column":1}},"line":396},"17":{"name":"(anonymous_17)","decl":{"start":{"line":416,"column":37},"end":{"line":416,"column":38}},"loc":{"start":{"line":416,"column":57},"end":{"line":431,"column":1}},"line":416},"18":{"name":"(anonymous_18)","decl":{"start":{"line":437,"column":45},"end":{"line":437,"column":46}},"loc":{"start":{"line":437,"column":65},"end":{"line":451,"column":1}},"line":437},"19":{"name":"(anonymous_19)","decl":{"start":{"line":456,"column":56},"end":{"line":456,"column":57}},"loc":{"start":{"line":456,"column":76},"end":{"line":485,"column":1}},"line":456},"20":{"name":"(anonymous_20)","decl":{"start":{"line":490,"column":46},"end":{"line":490,"column":47}},"loc":{"start":{"line":490,"column":66},"end":{"line":505,"column":1}},"line":490},"21":{"name":"(anonymous_21)","decl":{"start":{"line":510,"column":53},"end":{"line":510,"column":54}},"loc":{"start":{"line":510,"column":73},"end":{"line":520,"column":1}},"line":510},"22":{"name":"(anonymous_22)","decl":{"start":{"line":525,"column":44},"end":{"line":525,"column":45}},"loc":{"start":{"line":525,"column":64},"end":{"line":550,"column":1}},"line":525},"23":{"name":"(anonymous_23)","decl":{"start":{"line":557,"column":40},"end":{"line":557,"column":41}},"loc":{"start":{"line":557,"column":60},"end":{"line":570,"column":1}},"line":557},"24":{"name":"(anonymous_24)","decl":{"start":{"line":573,"column":55},"end":{"line":573,"column":56}},"loc":{"start":{"line":573,"column":75},"end":{"line":586,"column":1}},"line":573},"25":{"name":"(anonymous_25)","decl":{"start":{"line":590,"column":54},"end":{"line":590,"column":55}},"loc":{"start":{"line":590,"column":74},"end":{"line":626,"column":1}},"line":590},"26":{"name":"(anonymous_26)","decl":{"start":{"line":634,"column":51},"end":{"line":634,"column":52}},"loc":{"start":{"line":634,"column":71},"end":{"line":647,"column":1}},"line":634},"27":{"name":"(anonymous_27)","decl":{"start":{"line":650,"column":52},"end":{"line":650,"column":53}},"loc":{"start":{"line":650,"column":72},"end":{"line":661,"column":1}},"line":650},"28":{"name":"(anonymous_28)","decl":{"start":{"line":667,"column":26},"end":{"line":667,"column":27}},"loc":{"start":{"line":667,"column":46},"end":{"line":678,"column":1}},"line":667},"29":{"name":"(anonymous_29)","decl":{"start":{"line":685,"column":46},"end":{"line":685,"column":47}},"loc":{"start":{"line":685,"column":66},"end":{"line":689,"column":1}},"line":685},"30":{"name":"(anonymous_30)","decl":{"start":{"line":692,"column":45},"end":{"line":692,"column":46}},"loc":{"start":{"line":692,"column":65},"end":{"line":700,"column":1}},"line":692}},"branchMap":{"0":{"loc":{"start":{"line":55,"column":8},"end":{"line":84,"column":9}},"type":"if","locations":[{"start":{"line":55,"column":8},"end":{"line":84,"column":9}},{"start":{},"end":{}}],"line":55},"1":{"loc":{"start":{"line":56,"column":33},"end":{"line":56,"column":76}},"type":"binary-expr","locations":[{"start":{"line":56,"column":33},"end":{"line":56,"column":64}},{"start":{"line":56,"column":68},"end":{"line":56,"column":76}}],"line":56},"2":{"loc":{"start":{"line":59,"column":12},"end":{"line":63,"column":13}},"type":"if","locations":[{"start":{"line":59,"column":12},"end":{"line":63,"column":13}},{"start":{},"end":{}}],"line":59},"3":{"loc":{"start":{"line":66,"column":12},"end":{"line":80,"column":13}},"type":"if","locations":[{"start":{"line":66,"column":12},"end":{"line":80,"column":13}},{"start":{},"end":{}}],"line":66},"4":{"loc":{"start":{"line":108,"column":8},"end":{"line":108,"column":106}},"type":"if","locations":[{"start":{"line":108,"column":8},"end":{"line":108,"column":106}},{"start":{},"end":{}}],"line":108},"5":{"loc":{"start":{"line":110,"column":30},"end":{"line":110,"column":64}},"type":"binary-expr","locations":[{"start":{"line":110,"column":30},"end":{"line":110,"column":52}},{"start":{"line":110,"column":56},"end":{"line":110,"column":64}}],"line":110},"6":{"loc":{"start":{"line":112,"column":8},"end":{"line":114,"column":9}},"type":"if","locations":[{"start":{"line":112,"column":8},"end":{"line":114,"column":9}},{"start":{},"end":{}}],"line":112},"7":{"loc":{"start":{"line":115,"column":8},"end":{"line":117,"column":9}},"type":"if","locations":[{"start":{"line":115,"column":8},"end":{"line":117,"column":9}},{"start":{},"end":{}}],"line":115},"8":{"loc":{"start":{"line":120,"column":8},"end":{"line":120,"column":96}},"type":"if","locations":[{"start":{"line":120,"column":8},"end":{"line":120,"column":96}},{"start":{},"end":{}}],"line":120},"9":{"loc":{"start":{"line":147,"column":8},"end":{"line":147,"column":101}},"type":"if","locations":[{"start":{"line":147,"column":8},"end":{"line":147,"column":101}},{"start":{},"end":{}}],"line":147},"10":{"loc":{"start":{"line":186,"column":8},"end":{"line":188,"column":9}},"type":"if","locations":[{"start":{"line":186,"column":8},"end":{"line":188,"column":9}},{"start":{},"end":{}}],"line":186},"11":{"loc":{"start":{"line":239,"column":8},"end":{"line":239,"column":106}},"type":"if","locations":[{"start":{"line":239,"column":8},"end":{"line":239,"column":106}},{"start":{},"end":{}}],"line":239},"12":{"loc":{"start":{"line":253,"column":12},"end":{"line":255,"column":13}},"type":"if","locations":[{"start":{"line":253,"column":12},"end":{"line":255,"column":13}},{"start":{},"end":{}}],"line":253},"13":{"loc":{"start":{"line":312,"column":8},"end":{"line":312,"column":78}},"type":"if","locations":[{"start":{"line":312,"column":8},"end":{"line":312,"column":78}},{"start":{},"end":{}}],"line":312},"14":{"loc":{"start":{"line":313,"column":8},"end":{"line":313,"column":112}},"type":"if","locations":[{"start":{"line":313,"column":8},"end":{"line":313,"column":112}},{"start":{},"end":{}}],"line":313},"15":{"loc":{"start":{"line":336,"column":8},"end":{"line":336,"column":101}},"type":"if","locations":[{"start":{"line":336,"column":8},"end":{"line":336,"column":101}},{"start":{},"end":{}}],"line":336},"16":{"loc":{"start":{"line":398,"column":8},"end":{"line":398,"column":92}},"type":"if","locations":[{"start":{"line":398,"column":8},"end":{"line":398,"column":92}},{"start":{},"end":{}}],"line":398},"17":{"loc":{"start":{"line":440,"column":8},"end":{"line":442,"column":9}},"type":"if","locations":[{"start":{"line":440,"column":8},"end":{"line":442,"column":9}},{"start":{},"end":{}}],"line":440},"18":{"loc":{"start":{"line":440,"column":12},"end":{"line":440,"column":78}},"type":"binary-expr","locations":[{"start":{"line":440,"column":12},"end":{"line":440,"column":39}},{"start":{"line":440,"column":43},"end":{"line":440,"column":78}}],"line":440},"19":{"loc":{"start":{"line":458,"column":8},"end":{"line":460,"column":9}},"type":"if","locations":[{"start":{"line":458,"column":8},"end":{"line":460,"column":9}},{"start":{},"end":{}}],"line":458},"20":{"loc":{"start":{"line":458,"column":12},"end":{"line":458,"column":78}},"type":"binary-expr","locations":[{"start":{"line":458,"column":12},"end":{"line":458,"column":39}},{"start":{"line":458,"column":43},"end":{"line":458,"column":78}}],"line":458},"21":{"loc":{"start":{"line":465,"column":8},"end":{"line":467,"column":9}},"type":"if","locations":[{"start":{"line":465,"column":8},"end":{"line":467,"column":9}},{"start":{},"end":{}}],"line":465},"22":{"loc":{"start":{"line":474,"column":8},"end":{"line":476,"column":9}},"type":"if","locations":[{"start":{"line":474,"column":8},"end":{"line":476,"column":9}},{"start":{},"end":{}}],"line":474},"23":{"loc":{"start":{"line":492,"column":8},"end":{"line":494,"column":9}},"type":"if","locations":[{"start":{"line":492,"column":8},"end":{"line":494,"column":9}},{"start":{},"end":{}}],"line":492},"24":{"loc":{"start":{"line":492,"column":12},"end":{"line":492,"column":78}},"type":"binary-expr","locations":[{"start":{"line":492,"column":12},"end":{"line":492,"column":39}},{"start":{"line":492,"column":43},"end":{"line":492,"column":78}}],"line":492},"25":{"loc":{"start":{"line":512,"column":8},"end":{"line":514,"column":9}},"type":"if","locations":[{"start":{"line":512,"column":8},"end":{"line":514,"column":9}},{"start":{},"end":{}}],"line":512},"26":{"loc":{"start":{"line":512,"column":12},"end":{"line":512,"column":78}},"type":"binary-expr","locations":[{"start":{"line":512,"column":12},"end":{"line":512,"column":39}},{"start":{"line":512,"column":43},"end":{"line":512,"column":78}}],"line":512},"27":{"loc":{"start":{"line":527,"column":8},"end":{"line":529,"column":9}},"type":"if","locations":[{"start":{"line":527,"column":8},"end":{"line":529,"column":9}},{"start":{},"end":{}}],"line":527},"28":{"loc":{"start":{"line":527,"column":12},"end":{"line":527,"column":78}},"type":"binary-expr","locations":[{"start":{"line":527,"column":12},"end":{"line":527,"column":39}},{"start":{"line":527,"column":43},"end":{"line":527,"column":78}}],"line":527},"29":{"loc":{"start":{"line":575,"column":8},"end":{"line":575,"column":127}},"type":"if","locations":[{"start":{"line":575,"column":8},"end":{"line":575,"column":127}},{"start":{},"end":{}}],"line":575},"30":{"loc":{"start":{"line":592,"column":8},"end":{"line":594,"column":9}},"type":"if","locations":[{"start":{"line":592,"column":8},"end":{"line":594,"column":9}},{"start":{},"end":{}}],"line":592},"31":{"loc":{"start":{"line":598,"column":8},"end":{"line":600,"column":9}},"type":"if","locations":[{"start":{"line":598,"column":8},"end":{"line":600,"column":9}},{"start":{},"end":{}}],"line":598},"32":{"loc":{"start":{"line":598,"column":12},"end":{"line":598,"column":49}},"type":"binary-expr","locations":[{"start":{"line":598,"column":12},"end":{"line":598,"column":22}},{"start":{"line":598,"column":26},"end":{"line":598,"column":49}}],"line":598},"33":{"loc":{"start":{"line":612,"column":8},"end":{"line":616,"column":9}},"type":"if","locations":[{"start":{"line":612,"column":8},"end":{"line":616,"column":9}},{"start":{},"end":{}}],"line":612},"34":{"loc":{"start":{"line":686,"column":4},"end":{"line":686,"column":90}},"type":"if","locations":[{"start":{"line":686,"column":4},"end":{"line":686,"column":90}},{"start":{},"end":{}}],"line":686},"35":{"loc":{"start":{"line":693,"column":4},"end":{"line":693,"column":90}},"type":"if","locations":[{"start":{"line":693,"column":4},"end":{"line":693,"column":90}},{"start":{},"end":{}}],"line":693},"36":{"loc":{"start":{"line":697,"column":8},"end":{"line":697,"column":99}},"type":"if","locations":[{"start":{"line":697,"column":8},"end":{"line":697,"column":99}},{"start":{},"end":{}}],"line":697}},"s":{"0":4,"1":4,"2":4,"3":4,"4":4,"5":4,"6":4,"7":4,"8":4,"9":4,"10":4,"11":4,"12":4,"13":4,"14":2,"15":4,"16":4,"17":4,"18":3,"19":3,"20":2,"21":1,"22":4,"23":6,"24":6,"25":6,"26":5,"27":3,"28":3,"29":1,"30":2,"31":1,"32":1,"33":1,"34":1,"35":1,"36":2,"37":2,"38":2,"39":2,"40":1,"41":1,"42":4,"43":6,"44":6,"45":6,"46":5,"47":1,"48":4,"49":4,"50":1,"51":3,"52":1,"53":2,"54":2,"55":1,"56":1,"57":1,"58":1,"59":4,"60":3,"61":3,"62":1,"63":2,"64":2,"65":0,"66":2,"67":1,"68":1,"69":4,"70":3,"71":3,"72":2,"73":1,"74":4,"75":3,"76":3,"77":1,"78":2,"79":1,"80":1,"81":1,"82":4,"83":2,"84":2,"85":2,"86":2,"87":1,"88":1,"89":4,"90":2,"91":2,"92":1,"93":1,"94":4,"95":3,"96":3,"97":3,"98":1,"99":2,"100":2,"101":2,"102":2,"103":2,"104":2,"105":2,"106":1,"107":1,"108":1,"109":1,"110":1,"111":1,"112":1,"113":3,"114":4,"115":2,"116":2,"117":1,"118":1,"119":4,"120":3,"121":3,"122":3,"123":3,"124":3,"125":3,"126":1,"127":2,"128":1,"129":1,"130":1,"131":1,"132":1,"133":1,"134":1,"135":2,"136":2,"137":3,"138":4,"139":3,"140":3,"141":1,"142":2,"143":1,"144":1,"145":4,"146":2,"147":2,"148":2,"149":2,"150":1,"151":1,"152":1,"153":4,"154":2,"155":2,"156":1,"157":1,"158":4,"159":3,"160":3,"161":1,"162":2,"163":2,"164":1,"165":1,"166":4,"167":2,"168":2,"169":2,"170":1,"171":1,"172":4,"173":3,"174":3,"175":1,"176":2,"177":1,"178":1,"179":4,"180":5,"181":5,"182":1,"183":4,"184":4,"185":4,"186":1,"187":3,"188":2,"189":1,"190":1,"191":1,"192":4,"193":3,"194":3,"195":1,"196":2,"197":1,"198":1,"199":4,"200":3,"201":3,"202":1,"203":2,"204":1,"205":1,"206":4,"207":3,"208":3,"209":1,"210":2,"211":1,"212":1,"213":1,"214":4,"215":2,"216":2,"217":1,"218":1,"219":4,"220":3,"221":3,"222":1,"223":2,"224":2,"225":1,"226":1,"227":4,"228":5,"229":5,"230":1,"231":4,"232":4,"233":1,"234":3,"235":2,"236":1,"237":1,"238":1,"239":1,"240":4,"241":2,"242":2,"243":1,"244":1,"245":4,"246":2,"247":2,"248":2,"249":1,"250":1,"251":4,"252":2,"253":2,"254":2,"255":1,"256":1,"257":4,"258":2,"259":1,"260":1,"261":1,"262":4,"263":4,"264":1,"265":3,"266":3,"267":3,"268":2,"269":1,"270":1,"271":1,"272":4,"273":4},"f":{"0":2,"1":3,"2":6,"3":6,"4":3,"5":0,"6":3,"7":3,"8":2,"9":2,"10":3,"11":2,"12":3,"13":3,"14":2,"15":2,"16":3,"17":2,"18":3,"19":5,"20":3,"21":3,"22":3,"23":2,"24":3,"25":5,"26":2,"27":2,"28":2,"29":2,"30":4},"b":{"0":[3,2],"1":[3,0],"2":[1,2],"3":[1,1],"4":[1,4],"5":[4,0],"6":[1,3],"7":[1,2],"8":[1,1],"9":[1,2],"10":[1,2],"11":[1,2],"12":[1,1],"13":[1,2],"14":[1,1],"15":[1,2],"16":[1,2],"17":[1,2],"18":[3,1],"19":[1,4],"20":[5,1],"21":[1,3],"22":[1,1],"23":[1,2],"24":[3,1],"25":[1,2],"26":[3,1],"27":[1,2],"28":[3,1],"29":[1,2],"30":[1,4],"31":[1,3],"32":[4,3],"33":[1,1],"34":[1,1],"35":[1,3],"36":[1,1]},"_coverageSchema":"1a1c01bbd47fc00a2c39e90264f33305004495a9","hash":"1e3d1b7157944675b741db050092bed6ad82b1a2"}
,"C:\\Users\\Harold-Ducon\\Documents\\Conectalocal\\conectalocal-backend\\logic.js": {"path":"C:\\Users\\Harold-Ducon\\Documents\\Conectalocal\\conectalocal-backend\\logic.js","statementMap":{"0":{"start":{"line":3,"column":22},"end":{"line":5,"column":1}},"1":{"start":{"line":4,"column":4},"end":{"line":4,"column":29}},"2":{"start":{"line":8,"column":0},"end":{"line":8,"column":35}}},"fnMap":{"0":{"name":"(anonymous_0)","decl":{"start":{"line":3,"column":22},"end":{"line":3,"column":23}},"loc":{"start":{"line":3,"column":44},"end":{"line":5,"column":1}},"line":3}},"branchMap":{},"s":{"0":5,"1":1,"2":5},"f":{"0":1},"b":{},"_coverageSchema":"1a1c01bbd47fc00a2c39e90264f33305004495a9","hash":"7e705869b4b2b99996aff43d81d33ed841e6ec21"}
}
