{"C:\\Users\\Harold-Ducon\\Documents\\Conectalocal\\conectalocal-backend\\index.js": {"path":"C:\\Users\\Harold-Ducon\\Documents\\Conectalocal\\conectalocal-backend\\index.js","statementMap":{"0":{"start":{"line":1,"column":16},"end":{"line":1,"column":34}},"1":{"start":{"line":2,"column":13},"end":{"line":2,"column":28}},"2":{"start":{"line":3,"column":15},"end":{"line":3,"column":32}},"3":{"start":{"line":4,"column":12},"end":{"line":4,"column":35}},"4":{"start":{"line":5,"column":15},"end":{"line":5,"column":32}},"5":{"start":{"line":6,"column":13},"end":{"line":6,"column":28}},"6":{"start":{"line":7,"column":0},"end":{"line":7,"column":42}},"7":{"start":{"line":8,"column":13},"end":{"line":8,"column":28}},"8":{"start":{"line":9,"column":26},"end":{"line":9,"column":44}},"9":{"start":{"line":12,"column":21},"end":{"line":12,"column":57}},"10":{"start":{"line":14,"column":12},"end":{"line":14,"column":21}},"11":{"start":{"line":17,"column":0},"end":{"line":17,"column":16}},"12":{"start":{"line":18,"column":0},"end":{"line":18,"column":24}},"13":{"start":{"line":23,"column":16},"end":{"line":28,"column":2}},"14":{"start":{"line":26,"column":8},"end":{"line":26,"column":63}},"15":{"start":{"line":30,"column":15},"end":{"line":30,"column":43}},"16":{"start":{"line":31,"column":0},"end":{"line":31,"column":47}},"17":{"start":{"line":36,"column":0},"end":{"line":43,"column":3}},"18":{"start":{"line":37,"column":4},"end":{"line":42,"column":5}},"19":{"start":{"line":38,"column":23},"end":{"line":38,"column":55}},"20":{"start":{"line":39,"column":8},"end":{"line":39,"column":78}},"21":{"start":{"line":41,"column":8},"end":{"line":41,"column":55}},"22":{"start":{"line":48,"column":0},"end":{"line":158,"column":3}},"23":{"start":{"line":49,"column":4},"end":{"line":157,"column":5}},"24":{"start":{"line":59,"column":12},"end":{"line":59,"column":20}},"25":{"start":{"line":61,"column":27},"end":{"line":61,"column":42}},"26":{"start":{"line":62,"column":25},"end":{"line":62,"column":44}},"27":{"start":{"line":63,"column":35},"end":{"line":63,"column":57}},"28":{"start":{"line":64,"column":31},"end":{"line":64,"column":48}},"29":{"start":{"line":65,"column":28},"end":{"line":65,"column":42}},"30":{"start":{"line":67,"column":8},"end":{"line":71,"column":9}},"31":{"start":{"line":68,"column":12},"end":{"line":70,"column":15}},"32":{"start":{"line":74,"column":33},"end":{"line":77,"column":9}},"33":{"start":{"line":79,"column":8},"end":{"line":126,"column":9}},"34":{"start":{"line":80,"column":33},"end":{"line":80,"column":76}},"35":{"start":{"line":83,"column":12},"end":{"line":87,"column":13}},"36":{"start":{"line":84,"column":16},"end":{"line":86,"column":19}},"37":{"start":{"line":90,"column":12},"end":{"line":120,"column":13}},"38":{"start":{"line":91,"column":29},"end":{"line":91,"column":53}},"39":{"start":{"line":92,"column":39},"end":{"line":92,"column":72}},"40":{"start":{"line":94,"column":42},"end":{"line":114,"column":17}},"41":{"start":{"line":116,"column":16},"end":{"line":119,"column":19}},"42":{"start":{"line":123,"column":12},"end":{"line":125,"column":15}},"43":{"start":{"line":129,"column":21},"end":{"line":129,"column":45}},"44":{"start":{"line":130,"column":31},"end":{"line":130,"column":64}},"45":{"start":{"line":132,"column":29},"end":{"line":147,"column":9}},"46":{"start":{"line":149,"column":8},"end":{"line":152,"column":11}},"47":{"start":{"line":155,"column":8},"end":{"line":155,"column":50}},"48":{"start":{"line":156,"column":8},"end":{"line":156,"column":58}},"49":{"start":{"line":164,"column":0},"end":{"line":201,"column":3}},"50":{"start":{"line":165,"column":4},"end":{"line":200,"column":5}},"51":{"start":{"line":166,"column":36},"end":{"line":166,"column":44}},"52":{"start":{"line":167,"column":24},"end":{"line":167,"column":92}},"53":{"start":{"line":169,"column":8},"end":{"line":169,"column":106}},"54":{"start":{"line":169,"column":39},"end":{"line":169,"column":106}},"55":{"start":{"line":171,"column":30},"end":{"line":171,"column":64}},"56":{"start":{"line":173,"column":8},"end":{"line":175,"column":9}},"57":{"start":{"line":174,"column":12},"end":{"line":174,"column":110}},"58":{"start":{"line":176,"column":8},"end":{"line":178,"column":9}},"59":{"start":{"line":177,"column":12},"end":{"line":177,"column":119}},"60":{"start":{"line":180,"column":31},"end":{"line":180,"column":87}},"61":{"start":{"line":181,"column":8},"end":{"line":181,"column":96}},"62":{"start":{"line":181,"column":29},"end":{"line":181,"column":96}},"63":{"start":{"line":183,"column":22},"end":{"line":187,"column":9}},"64":{"start":{"line":189,"column":8},"end":{"line":197,"column":11}},"65":{"start":{"line":199,"column":8},"end":{"line":199,"column":47}},"66":{"start":{"line":206,"column":0},"end":{"line":221,"column":3}},"67":{"start":{"line":207,"column":4},"end":{"line":220,"column":5}},"68":{"start":{"line":208,"column":8},"end":{"line":208,"column":101}},"69":{"start":{"line":208,"column":45},"end":{"line":208,"column":101}},"70":{"start":{"line":210,"column":66},"end":{"line":210,"column":74}},"71":{"start":{"line":211,"column":30},"end":{"line":211,"column":80}},"72":{"start":{"line":211,"column":52},"end":{"line":211,"column":79}},"73":{"start":{"line":213,"column":30},"end":{"line":216,"column":9}},"74":{"start":{"line":217,"column":8},"end":{"line":217,"column":40}},"75":{"start":{"line":219,"column":8},"end":{"line":219,"column":56}},"76":{"start":{"line":226,"column":0},"end":{"line":239,"column":3}},"77":{"start":{"line":227,"column":4},"end":{"line":238,"column":5}},"78":{"start":{"line":228,"column":34},"end":{"line":234,"column":10}},"79":{"start":{"line":235,"column":8},"end":{"line":235,"column":41}},"80":{"start":{"line":237,"column":8},"end":{"line":237,"column":59}},"81":{"start":{"line":245,"column":0},"end":{"line":268,"column":3}},"82":{"start":{"line":246,"column":4},"end":{"line":267,"column":5}},"83":{"start":{"line":247,"column":8},"end":{"line":249,"column":9}},"84":{"start":{"line":248,"column":12},"end":{"line":248,"column":68}},"85":{"start":{"line":251,"column":26},"end":{"line":261,"column":28}},"86":{"start":{"line":263,"column":8},"end":{"line":263,"column":33}},"87":{"start":{"line":265,"column":8},"end":{"line":265,"column":59}},"88":{"start":{"line":266,"column":8},"end":{"line":266,"column":60}},"89":{"start":{"line":271,"column":0},"end":{"line":283,"column":3}},"90":{"start":{"line":272,"column":4},"end":{"line":282,"column":5}},"91":{"start":{"line":273,"column":23},"end":{"line":273,"column":33}},"92":{"start":{"line":274,"column":34},"end":{"line":274,"column":42}},"93":{"start":{"line":275,"column":26},"end":{"line":278,"column":9}},"94":{"start":{"line":279,"column":8},"end":{"line":279,"column":36}},"95":{"start":{"line":281,"column":8},"end":{"line":281,"column":52}},"96":{"start":{"line":285,"column":0},"end":{"line":292,"column":3}},"97":{"start":{"line":286,"column":4},"end":{"line":291,"column":5}},"98":{"start":{"line":287,"column":8},"end":{"line":287,"column":119}},"99":{"start":{"line":288,"column":8},"end":{"line":288,"column":57}},"100":{"start":{"line":290,"column":8},"end":{"line":290,"column":50}},"101":{"start":{"line":297,"column":0},"end":{"line":334,"column":3}},"102":{"start":{"line":298,"column":19},"end":{"line":298,"column":39}},"103":{"start":{"line":299,"column":4},"end":{"line":333,"column":5}},"104":{"start":{"line":300,"column":8},"end":{"line":300,"column":106}},"105":{"start":{"line":300,"column":46},"end":{"line":300,"column":106}},"106":{"start":{"line":302,"column":8},"end":{"line":302,"column":36}},"107":{"start":{"line":303,"column":78},"end":{"line":303,"column":86}},"108":{"start":{"line":305,"column":28},"end":{"line":309,"column":9}},"109":{"start":{"line":310,"column":26},"end":{"line":310,"column":48}},"110":{"start":{"line":312,"column":8},"end":{"line":324,"column":9}},"111":{"start":{"line":313,"column":29},"end":{"line":313,"column":103}},"112":{"start":{"line":314,"column":12},"end":{"line":316,"column":13}},"113":{"start":{"line":315,"column":16},"end":{"line":315,"column":87}},"114":{"start":{"line":318,"column":12},"end":{"line":318,"column":114}},"115":{"start":{"line":320,"column":12},"end":{"line":323,"column":14}},"116":{"start":{"line":326,"column":8},"end":{"line":326,"column":37}},"117":{"start":{"line":327,"column":8},"end":{"line":327,"column":59}},"118":{"start":{"line":329,"column":8},"end":{"line":329,"column":39}},"119":{"start":{"line":330,"column":8},"end":{"line":330,"column":53}},"120":{"start":{"line":332,"column":8},"end":{"line":332,"column":25}},"121":{"start":{"line":339,"column":0},"end":{"line":361,"column":3}},"122":{"start":{"line":340,"column":4},"end":{"line":360,"column":5}},"123":{"start":{"line":341,"column":24},"end":{"line":355,"column":28}},"124":{"start":{"line":357,"column":8},"end":{"line":357,"column":31}},"125":{"start":{"line":359,"column":8},"end":{"line":359,"column":59}},"126":{"start":{"line":366,"column":0},"end":{"line":390,"column":3}},"127":{"start":{"line":367,"column":19},"end":{"line":367,"column":39}},"128":{"start":{"line":368,"column":4},"end":{"line":389,"column":5}},"129":{"start":{"line":369,"column":23},"end":{"line":369,"column":33}},"130":{"start":{"line":370,"column":8},"end":{"line":370,"column":36}},"131":{"start":{"line":371,"column":23},"end":{"line":371,"column":105}},"132":{"start":{"line":373,"column":8},"end":{"line":373,"column":78}},"133":{"start":{"line":373,"column":38},"end":{"line":373,"column":78}},"134":{"start":{"line":374,"column":8},"end":{"line":374,"column":112}},"135":{"start":{"line":374,"column":79},"end":{"line":374,"column":112}},"136":{"start":{"line":376,"column":25},"end":{"line":376,"column":123}},"137":{"start":{"line":377,"column":8},"end":{"line":379,"column":9}},"138":{"start":{"line":378,"column":12},"end":{"line":378,"column":123}},"139":{"start":{"line":381,"column":8},"end":{"line":381,"column":90}},"140":{"start":{"line":382,"column":8},"end":{"line":382,"column":37}},"141":{"start":{"line":383,"column":8},"end":{"line":383,"column":50}},"142":{"start":{"line":385,"column":8},"end":{"line":385,"column":39}},"143":{"start":{"line":386,"column":8},"end":{"line":386,"column":53}},"144":{"start":{"line":388,"column":8},"end":{"line":388,"column":25}},"145":{"start":{"line":395,"column":0},"end":{"line":422,"column":3}},"146":{"start":{"line":396,"column":4},"end":{"line":421,"column":5}},"147":{"start":{"line":397,"column":8},"end":{"line":397,"column":101}},"148":{"start":{"line":397,"column":45},"end":{"line":397,"column":101}},"149":{"start":{"line":399,"column":23},"end":{"line":416,"column":28}},"150":{"start":{"line":418,"column":8},"end":{"line":418,"column":30}},"151":{"start":{"line":420,"column":8},"end":{"line":420,"column":56}},"152":{"start":{"line":427,"column":0},"end":{"line":437,"column":3}},"153":{"start":{"line":428,"column":4},"end":{"line":436,"column":5}},"154":{"start":{"line":429,"column":23},"end":{"line":429,"column":33}},"155":{"start":{"line":430,"column":27},"end":{"line":430,"column":35}},"156":{"start":{"line":431,"column":8},"end":{"line":431,"column":87}},"157":{"start":{"line":432,"column":8},"end":{"line":432,"column":52}},"158":{"start":{"line":434,"column":8},"end":{"line":434,"column":48}},"159":{"start":{"line":435,"column":8},"end":{"line":435,"column":52}},"160":{"start":{"line":442,"column":0},"end":{"line":452,"column":3}},"161":{"start":{"line":443,"column":4},"end":{"line":451,"column":5}},"162":{"start":{"line":444,"column":24},"end":{"line":447,"column":9}},"163":{"start":{"line":448,"column":8},"end":{"line":448,"column":34}},"164":{"start":{"line":450,"column":8},"end":{"line":450,"column":67}},"165":{"start":{"line":457,"column":0},"end":{"line":472,"column":3}},"166":{"start":{"line":458,"column":4},"end":{"line":471,"column":5}},"167":{"start":{"line":459,"column":8},"end":{"line":459,"column":92}},"168":{"start":{"line":459,"column":23},"end":{"line":459,"column":92}},"169":{"start":{"line":461,"column":25},"end":{"line":461,"column":56}},"170":{"start":{"line":463,"column":8},"end":{"line":466,"column":10}},"171":{"start":{"line":468,"column":8},"end":{"line":468,"column":83}},"172":{"start":{"line":470,"column":8},"end":{"line":470,"column":71}},"173":{"start":{"line":477,"column":0},"end":{"line":492,"column":3}},"174":{"start":{"line":478,"column":4},"end":{"line":491,"column":5}},"175":{"start":{"line":479,"column":89},"end":{"line":479,"column":97}},"176":{"start":{"line":481,"column":8},"end":{"line":486,"column":10}},"177":{"start":{"line":488,"column":8},"end":{"line":488,"column":66}},"178":{"start":{"line":490,"column":8},"end":{"line":490,"column":73}},"179":{"start":{"line":498,"column":0},"end":{"line":512,"column":3}},"180":{"start":{"line":499,"column":4},"end":{"line":511,"column":5}},"181":{"start":{"line":501,"column":8},"end":{"line":503,"column":9}},"182":{"start":{"line":502,"column":12},"end":{"line":502,"column":98}},"183":{"start":{"line":505,"column":25},"end":{"line":507,"column":9}},"184":{"start":{"line":508,"column":8},"end":{"line":508,"column":32}},"185":{"start":{"line":510,"column":8},"end":{"line":510,"column":70}},"186":{"start":{"line":517,"column":0},"end":{"line":546,"column":3}},"187":{"start":{"line":518,"column":4},"end":{"line":545,"column":5}},"188":{"start":{"line":519,"column":8},"end":{"line":521,"column":9}},"189":{"start":{"line":520,"column":12},"end":{"line":520,"column":98}},"190":{"start":{"line":523,"column":23},"end":{"line":523,"column":33}},"191":{"start":{"line":524,"column":27},"end":{"line":524,"column":35}},"192":{"start":{"line":526,"column":8},"end":{"line":528,"column":9}},"193":{"start":{"line":527,"column":12},"end":{"line":527,"column":106}},"194":{"start":{"line":530,"column":35},"end":{"line":533,"column":9}},"195":{"start":{"line":535,"column":8},"end":{"line":537,"column":9}},"196":{"start":{"line":536,"column":12},"end":{"line":536,"column":77}},"197":{"start":{"line":539,"column":8},"end":{"line":542,"column":11}},"198":{"start":{"line":544,"column":8},"end":{"line":544,"column":74}},"199":{"start":{"line":551,"column":0},"end":{"line":566,"column":3}},"200":{"start":{"line":552,"column":4},"end":{"line":565,"column":5}},"201":{"start":{"line":553,"column":8},"end":{"line":555,"column":9}},"202":{"start":{"line":554,"column":12},"end":{"line":554,"column":71}},"203":{"start":{"line":556,"column":26},"end":{"line":561,"column":10}},"204":{"start":{"line":562,"column":8},"end":{"line":562,"column":33}},"205":{"start":{"line":564,"column":8},"end":{"line":564,"column":63}},"206":{"start":{"line":571,"column":0},"end":{"line":581,"column":3}},"207":{"start":{"line":572,"column":4},"end":{"line":580,"column":5}},"208":{"start":{"line":573,"column":8},"end":{"line":575,"column":9}},"209":{"start":{"line":574,"column":12},"end":{"line":574,"column":71}},"210":{"start":{"line":576,"column":8},"end":{"line":576,"column":81}},"211":{"start":{"line":577,"column":8},"end":{"line":577,"column":77}},"212":{"start":{"line":579,"column":8},"end":{"line":579,"column":62}},"213":{"start":{"line":586,"column":0},"end":{"line":611,"column":3}},"214":{"start":{"line":587,"column":4},"end":{"line":610,"column":5}},"215":{"start":{"line":588,"column":8},"end":{"line":590,"column":9}},"216":{"start":{"line":589,"column":12},"end":{"line":589,"column":71}},"217":{"start":{"line":593,"column":24},"end":{"line":605,"column":10}},"218":{"start":{"line":606,"column":8},"end":{"line":606,"column":31}},"219":{"start":{"line":608,"column":8},"end":{"line":608,"column":27}},"220":{"start":{"line":609,"column":8},"end":{"line":609,"column":67}},"221":{"start":{"line":618,"column":0},"end":{"line":631,"column":3}},"222":{"start":{"line":619,"column":4},"end":{"line":630,"column":5}},"223":{"start":{"line":620,"column":26},"end":{"line":626,"column":27}},"224":{"start":{"line":627,"column":8},"end":{"line":627,"column":33}},"225":{"start":{"line":629,"column":8},"end":{"line":629,"column":74}},"226":{"start":{"line":634,"column":0},"end":{"line":647,"column":3}},"227":{"start":{"line":635,"column":4},"end":{"line":646,"column":5}},"228":{"start":{"line":636,"column":8},"end":{"line":636,"column":127}},"229":{"start":{"line":636,"column":46},"end":{"line":636,"column":127}},"230":{"start":{"line":638,"column":29},"end":{"line":638,"column":37}},"231":{"start":{"line":639,"column":30},"end":{"line":642,"column":9}},"232":{"start":{"line":643,"column":8},"end":{"line":643,"column":79}},"233":{"start":{"line":645,"column":8},"end":{"line":645,"column":71}},"234":{"start":{"line":651,"column":0},"end":{"line":687,"column":3}},"235":{"start":{"line":652,"column":4},"end":{"line":686,"column":5}},"236":{"start":{"line":653,"column":8},"end":{"line":655,"column":9}},"237":{"start":{"line":654,"column":12},"end":{"line":654,"column":88}},"238":{"start":{"line":657,"column":30},"end":{"line":657,"column":38}},"239":{"start":{"line":659,"column":8},"end":{"line":661,"column":9}},"240":{"start":{"line":660,"column":12},"end":{"line":660,"column":88}},"241":{"start":{"line":663,"column":35},"end":{"line":671,"column":54}},"242":{"start":{"line":673,"column":8},"end":{"line":677,"column":9}},"243":{"start":{"line":674,"column":12},"end":{"line":676,"column":15}},"244":{"start":{"line":679,"column":8},"end":{"line":682,"column":11}},"245":{"start":{"line":684,"column":8},"end":{"line":684,"column":59}},"246":{"start":{"line":685,"column":8},"end":{"line":685,"column":62}},"247":{"start":{"line":695,"column":0},"end":{"line":708,"column":3}},"248":{"start":{"line":696,"column":4},"end":{"line":707,"column":5}},"249":{"start":{"line":697,"column":25},"end":{"line":703,"column":27}},"250":{"start":{"line":704,"column":8},"end":{"line":704,"column":32}},"251":{"start":{"line":706,"column":8},"end":{"line":706,"column":68}},"252":{"start":{"line":711,"column":0},"end":{"line":722,"column":3}},"253":{"start":{"line":712,"column":4},"end":{"line":721,"column":5}},"254":{"start":{"line":713,"column":28},"end":{"line":713,"column":36}},"255":{"start":{"line":714,"column":29},"end":{"line":717,"column":9}},"256":{"start":{"line":718,"column":8},"end":{"line":718,"column":77}},"257":{"start":{"line":720,"column":8},"end":{"line":720,"column":70}},"258":{"start":{"line":728,"column":0},"end":{"line":739,"column":3}},"259":{"start":{"line":729,"column":4},"end":{"line":738,"column":5}},"260":{"start":{"line":730,"column":51},"end":{"line":730,"column":59}},"261":{"start":{"line":731,"column":8},"end":{"line":734,"column":10}},"262":{"start":{"line":735,"column":8},"end":{"line":735,"column":93}},"263":{"start":{"line":737,"column":8},"end":{"line":737,"column":70}},"264":{"start":{"line":746,"column":0},"end":{"line":750,"column":3}},"265":{"start":{"line":747,"column":4},"end":{"line":747,"column":90}},"266":{"start":{"line":747,"column":37},"end":{"line":747,"column":90}},"267":{"start":{"line":748,"column":21},"end":{"line":748,"column":90}},"268":{"start":{"line":749,"column":4},"end":{"line":749,"column":28}},"269":{"start":{"line":753,"column":0},"end":{"line":761,"column":3}},"270":{"start":{"line":754,"column":4},"end":{"line":754,"column":90}},"271":{"start":{"line":754,"column":37},"end":{"line":754,"column":90}},"272":{"start":{"line":755,"column":22},"end":{"line":755,"column":30}},"273":{"start":{"line":756,"column":4},"end":{"line":760,"column":83}},"274":{"start":{"line":757,"column":23},"end":{"line":757,"column":114}},"275":{"start":{"line":758,"column":8},"end":{"line":758,"column":99}},"276":{"start":{"line":758,"column":35},"end":{"line":758,"column":99}},"277":{"start":{"line":759,"column":8},"end":{"line":759,"column":77}},"278":{"start":{"line":760,"column":20},"end":{"line":760,"column":81}},"279":{"start":{"line":767,"column":0},"end":{"line":767,"column":21}}},"fnMap":{"0":{"name":"(anonymous_0)","decl":{"start":{"line":25,"column":14},"end":{"line":25,"column":15}},"loc":{"start":{"line":25,"column":33},"end":{"line":27,"column":5}},"line":25},"1":{"name":"(anonymous_1)","decl":{"start":{"line":36,"column":20},"end":{"line":36,"column":21}},"loc":{"start":{"line":36,"column":40},"end":{"line":43,"column":1}},"line":36},"2":{"name":"(anonymous_2)","decl":{"start":{"line":48,"column":26},"end":{"line":48,"column":27}},"loc":{"start":{"line":48,"column":46},"end":{"line":158,"column":1}},"line":48},"3":{"name":"(anonymous_3)","decl":{"start":{"line":164,"column":23},"end":{"line":164,"column":24}},"loc":{"start":{"line":164,"column":43},"end":{"line":201,"column":1}},"line":164},"4":{"name":"(anonymous_4)","decl":{"start":{"line":206,"column":70},"end":{"line":206,"column":71}},"loc":{"start":{"line":206,"column":90},"end":{"line":221,"column":1}},"line":206},"5":{"name":"(anonymous_5)","decl":{"start":{"line":211,"column":44},"end":{"line":211,"column":45}},"loc":{"start":{"line":211,"column":52},"end":{"line":211,"column":79}},"line":211},"6":{"name":"(anonymous_6)","decl":{"start":{"line":226,"column":26},"end":{"line":226,"column":27}},"loc":{"start":{"line":226,"column":46},"end":{"line":239,"column":1}},"line":226},"7":{"name":"(anonymous_7)","decl":{"start":{"line":245,"column":44},"end":{"line":245,"column":45}},"loc":{"start":{"line":245,"column":64},"end":{"line":268,"column":1}},"line":245},"8":{"name":"(anonymous_8)","decl":{"start":{"line":271,"column":52},"end":{"line":271,"column":53}},"loc":{"start":{"line":271,"column":72},"end":{"line":283,"column":1}},"line":271},"9":{"name":"(anonymous_9)","decl":{"start":{"line":285,"column":47},"end":{"line":285,"column":48}},"loc":{"start":{"line":285,"column":67},"end":{"line":292,"column":1}},"line":285},"10":{"name":"(anonymous_10)","decl":{"start":{"line":297,"column":39},"end":{"line":297,"column":40}},"loc":{"start":{"line":297,"column":59},"end":{"line":334,"column":1}},"line":297},"11":{"name":"(anonymous_11)","decl":{"start":{"line":339,"column":42},"end":{"line":339,"column":43}},"loc":{"start":{"line":339,"column":62},"end":{"line":361,"column":1}},"line":339},"12":{"name":"(anonymous_12)","decl":{"start":{"line":366,"column":52},"end":{"line":366,"column":53}},"loc":{"start":{"line":366,"column":72},"end":{"line":390,"column":1}},"line":366},"13":{"name":"(anonymous_13)","decl":{"start":{"line":395,"column":41},"end":{"line":395,"column":42}},"loc":{"start":{"line":395,"column":61},"end":{"line":422,"column":1}},"line":395},"14":{"name":"(anonymous_14)","decl":{"start":{"line":427,"column":49},"end":{"line":427,"column":50}},"loc":{"start":{"line":427,"column":69},"end":{"line":437,"column":1}},"line":427},"15":{"name":"(anonymous_15)","decl":{"start":{"line":442,"column":37},"end":{"line":442,"column":38}},"loc":{"start":{"line":442,"column":57},"end":{"line":452,"column":1}},"line":442},"16":{"name":"(anonymous_16)","decl":{"start":{"line":457,"column":65},"end":{"line":457,"column":66}},"loc":{"start":{"line":457,"column":85},"end":{"line":472,"column":1}},"line":457},"17":{"name":"(anonymous_17)","decl":{"start":{"line":477,"column":37},"end":{"line":477,"column":38}},"loc":{"start":{"line":477,"column":57},"end":{"line":492,"column":1}},"line":477},"18":{"name":"(anonymous_18)","decl":{"start":{"line":498,"column":45},"end":{"line":498,"column":46}},"loc":{"start":{"line":498,"column":65},"end":{"line":512,"column":1}},"line":498},"19":{"name":"(anonymous_19)","decl":{"start":{"line":517,"column":56},"end":{"line":517,"column":57}},"loc":{"start":{"line":517,"column":76},"end":{"line":546,"column":1}},"line":517},"20":{"name":"(anonymous_20)","decl":{"start":{"line":551,"column":46},"end":{"line":551,"column":47}},"loc":{"start":{"line":551,"column":66},"end":{"line":566,"column":1}},"line":551},"21":{"name":"(anonymous_21)","decl":{"start":{"line":571,"column":53},"end":{"line":571,"column":54}},"loc":{"start":{"line":571,"column":73},"end":{"line":581,"column":1}},"line":571},"22":{"name":"(anonymous_22)","decl":{"start":{"line":586,"column":44},"end":{"line":586,"column":45}},"loc":{"start":{"line":586,"column":64},"end":{"line":611,"column":1}},"line":586},"23":{"name":"(anonymous_23)","decl":{"start":{"line":618,"column":40},"end":{"line":618,"column":41}},"loc":{"start":{"line":618,"column":60},"end":{"line":631,"column":1}},"line":618},"24":{"name":"(anonymous_24)","decl":{"start":{"line":634,"column":55},"end":{"line":634,"column":56}},"loc":{"start":{"line":634,"column":75},"end":{"line":647,"column":1}},"line":634},"25":{"name":"(anonymous_25)","decl":{"start":{"line":651,"column":54},"end":{"line":651,"column":55}},"loc":{"start":{"line":651,"column":74},"end":{"line":687,"column":1}},"line":651},"26":{"name":"(anonymous_26)","decl":{"start":{"line":695,"column":51},"end":{"line":695,"column":52}},"loc":{"start":{"line":695,"column":71},"end":{"line":708,"column":1}},"line":695},"27":{"name":"(anonymous_27)","decl":{"start":{"line":711,"column":52},"end":{"line":711,"column":53}},"loc":{"start":{"line":711,"column":72},"end":{"line":722,"column":1}},"line":711},"28":{"name":"(anonymous_28)","decl":{"start":{"line":728,"column":26},"end":{"line":728,"column":27}},"loc":{"start":{"line":728,"column":46},"end":{"line":739,"column":1}},"line":728},"29":{"name":"(anonymous_29)","decl":{"start":{"line":746,"column":46},"end":{"line":746,"column":47}},"loc":{"start":{"line":746,"column":66},"end":{"line":750,"column":1}},"line":746},"30":{"name":"(anonymous_30)","decl":{"start":{"line":753,"column":45},"end":{"line":753,"column":46}},"loc":{"start":{"line":753,"column":65},"end":{"line":761,"column":1}},"line":753}},"branchMap":{"0":{"loc":{"start":{"line":61,"column":27},"end":{"line":61,"column":42}},"type":"binary-expr","locations":[{"start":{"line":61,"column":27},"end":{"line":61,"column":32}},{"start":{"line":61,"column":36},"end":{"line":61,"column":42}}],"line":61},"1":{"loc":{"start":{"line":62,"column":25},"end":{"line":62,"column":44}},"type":"binary-expr","locations":[{"start":{"line":62,"column":25},"end":{"line":62,"column":28}},{"start":{"line":62,"column":32},"end":{"line":62,"column":44}}],"line":62},"2":{"loc":{"start":{"line":63,"column":35},"end":{"line":63,"column":57}},"type":"binary-expr","locations":[{"start":{"line":63,"column":35},"end":{"line":63,"column":49}},{"start":{"line":63,"column":53},"end":{"line":63,"column":57}}],"line":63},"3":{"loc":{"start":{"line":64,"column":31},"end":{"line":64,"column":48}},"type":"binary-expr","locations":[{"start":{"line":64,"column":31},"end":{"line":64,"column":40}},{"start":{"line":64,"column":44},"end":{"line":64,"column":48}}],"line":64},"4":{"loc":{"start":{"line":65,"column":28},"end":{"line":65,"column":42}},"type":"binary-expr","locations":[{"start":{"line":65,"column":28},"end":{"line":65,"column":34}},{"start":{"line":65,"column":38},"end":{"line":65,"column":42}}],"line":65},"5":{"loc":{"start":{"line":67,"column":8},"end":{"line":71,"column":9}},"type":"if","locations":[{"start":{"line":67,"column":8},"end":{"line":71,"column":9}},{"start":{},"end":{}}],"line":67},"6":{"loc":{"start":{"line":67,"column":12},"end":{"line":67,"column":47}},"type":"binary-expr","locations":[{"start":{"line":67,"column":12},"end":{"line":67,"column":19}},{"start":{"line":67,"column":23},"end":{"line":67,"column":34}},{"start":{"line":67,"column":38},"end":{"line":67,"column":47}}],"line":67},"7":{"loc":{"start":{"line":79,"column":8},"end":{"line":126,"column":9}},"type":"if","locations":[{"start":{"line":79,"column":8},"end":{"line":126,"column":9}},{"start":{},"end":{}}],"line":79},"8":{"loc":{"start":{"line":80,"column":33},"end":{"line":80,"column":76}},"type":"binary-expr","locations":[{"start":{"line":80,"column":33},"end":{"line":80,"column":64}},{"start":{"line":80,"column":68},"end":{"line":80,"column":76}}],"line":80},"9":{"loc":{"start":{"line":83,"column":12},"end":{"line":87,"column":13}},"type":"if","locations":[{"start":{"line":83,"column":12},"end":{"line":87,"column":13}},{"start":{},"end":{}}],"line":83},"10":{"loc":{"start":{"line":90,"column":12},"end":{"line":120,"column":13}},"type":"if","locations":[{"start":{"line":90,"column":12},"end":{"line":120,"column":13}},{"start":{},"end":{}}],"line":90},"11":{"loc":{"start":{"line":169,"column":8},"end":{"line":169,"column":106}},"type":"if","locations":[{"start":{"line":169,"column":8},"end":{"line":169,"column":106}},{"start":{},"end":{}}],"line":169},"12":{"loc":{"start":{"line":171,"column":30},"end":{"line":171,"column":64}},"type":"binary-expr","locations":[{"start":{"line":171,"column":30},"end":{"line":171,"column":52}},{"start":{"line":171,"column":56},"end":{"line":171,"column":64}}],"line":171},"13":{"loc":{"start":{"line":173,"column":8},"end":{"line":175,"column":9}},"type":"if","locations":[{"start":{"line":173,"column":8},"end":{"line":175,"column":9}},{"start":{},"end":{}}],"line":173},"14":{"loc":{"start":{"line":176,"column":8},"end":{"line":178,"column":9}},"type":"if","locations":[{"start":{"line":176,"column":8},"end":{"line":178,"column":9}},{"start":{},"end":{}}],"line":176},"15":{"loc":{"start":{"line":181,"column":8},"end":{"line":181,"column":96}},"type":"if","locations":[{"start":{"line":181,"column":8},"end":{"line":181,"column":96}},{"start":{},"end":{}}],"line":181},"16":{"loc":{"start":{"line":208,"column":8},"end":{"line":208,"column":101}},"type":"if","locations":[{"start":{"line":208,"column":8},"end":{"line":208,"column":101}},{"start":{},"end":{}}],"line":208},"17":{"loc":{"start":{"line":247,"column":8},"end":{"line":249,"column":9}},"type":"if","locations":[{"start":{"line":247,"column":8},"end":{"line":249,"column":9}},{"start":{},"end":{}}],"line":247},"18":{"loc":{"start":{"line":300,"column":8},"end":{"line":300,"column":106}},"type":"if","locations":[{"start":{"line":300,"column":8},"end":{"line":300,"column":106}},{"start":{},"end":{}}],"line":300},"19":{"loc":{"start":{"line":314,"column":12},"end":{"line":316,"column":13}},"type":"if","locations":[{"start":{"line":314,"column":12},"end":{"line":316,"column":13}},{"start":{},"end":{}}],"line":314},"20":{"loc":{"start":{"line":373,"column":8},"end":{"line":373,"column":78}},"type":"if","locations":[{"start":{"line":373,"column":8},"end":{"line":373,"column":78}},{"start":{},"end":{}}],"line":373},"21":{"loc":{"start":{"line":374,"column":8},"end":{"line":374,"column":112}},"type":"if","locations":[{"start":{"line":374,"column":8},"end":{"line":374,"column":112}},{"start":{},"end":{}}],"line":374},"22":{"loc":{"start":{"line":397,"column":8},"end":{"line":397,"column":101}},"type":"if","locations":[{"start":{"line":397,"column":8},"end":{"line":397,"column":101}},{"start":{},"end":{}}],"line":397},"23":{"loc":{"start":{"line":459,"column":8},"end":{"line":459,"column":92}},"type":"if","locations":[{"start":{"line":459,"column":8},"end":{"line":459,"column":92}},{"start":{},"end":{}}],"line":459},"24":{"loc":{"start":{"line":501,"column":8},"end":{"line":503,"column":9}},"type":"if","locations":[{"start":{"line":501,"column":8},"end":{"line":503,"column":9}},{"start":{},"end":{}}],"line":501},"25":{"loc":{"start":{"line":501,"column":12},"end":{"line":501,"column":78}},"type":"binary-expr","locations":[{"start":{"line":501,"column":12},"end":{"line":501,"column":39}},{"start":{"line":501,"column":43},"end":{"line":501,"column":78}}],"line":501},"26":{"loc":{"start":{"line":519,"column":8},"end":{"line":521,"column":9}},"type":"if","locations":[{"start":{"line":519,"column":8},"end":{"line":521,"column":9}},{"start":{},"end":{}}],"line":519},"27":{"loc":{"start":{"line":519,"column":12},"end":{"line":519,"column":78}},"type":"binary-expr","locations":[{"start":{"line":519,"column":12},"end":{"line":519,"column":39}},{"start":{"line":519,"column":43},"end":{"line":519,"column":78}}],"line":519},"28":{"loc":{"start":{"line":526,"column":8},"end":{"line":528,"column":9}},"type":"if","locations":[{"start":{"line":526,"column":8},"end":{"line":528,"column":9}},{"start":{},"end":{}}],"line":526},"29":{"loc":{"start":{"line":535,"column":8},"end":{"line":537,"column":9}},"type":"if","locations":[{"start":{"line":535,"column":8},"end":{"line":537,"column":9}},{"start":{},"end":{}}],"line":535},"30":{"loc":{"start":{"line":553,"column":8},"end":{"line":555,"column":9}},"type":"if","locations":[{"start":{"line":553,"column":8},"end":{"line":555,"column":9}},{"start":{},"end":{}}],"line":553},"31":{"loc":{"start":{"line":553,"column":12},"end":{"line":553,"column":78}},"type":"binary-expr","locations":[{"start":{"line":553,"column":12},"end":{"line":553,"column":39}},{"start":{"line":553,"column":43},"end":{"line":553,"column":78}}],"line":553},"32":{"loc":{"start":{"line":573,"column":8},"end":{"line":575,"column":9}},"type":"if","locations":[{"start":{"line":573,"column":8},"end":{"line":575,"column":9}},{"start":{},"end":{}}],"line":573},"33":{"loc":{"start":{"line":573,"column":12},"end":{"line":573,"column":78}},"type":"binary-expr","locations":[{"start":{"line":573,"column":12},"end":{"line":573,"column":39}},{"start":{"line":573,"column":43},"end":{"line":573,"column":78}}],"line":573},"34":{"loc":{"start":{"line":588,"column":8},"end":{"line":590,"column":9}},"type":"if","locations":[{"start":{"line":588,"column":8},"end":{"line":590,"column":9}},{"start":{},"end":{}}],"line":588},"35":{"loc":{"start":{"line":588,"column":12},"end":{"line":588,"column":78}},"type":"binary-expr","locations":[{"start":{"line":588,"column":12},"end":{"line":588,"column":39}},{"start":{"line":588,"column":43},"end":{"line":588,"column":78}}],"line":588},"36":{"loc":{"start":{"line":636,"column":8},"end":{"line":636,"column":127}},"type":"if","locations":[{"start":{"line":636,"column":8},"end":{"line":636,"column":127}},{"start":{},"end":{}}],"line":636},"37":{"loc":{"start":{"line":653,"column":8},"end":{"line":655,"column":9}},"type":"if","locations":[{"start":{"line":653,"column":8},"end":{"line":655,"column":9}},{"start":{},"end":{}}],"line":653},"38":{"loc":{"start":{"line":659,"column":8},"end":{"line":661,"column":9}},"type":"if","locations":[{"start":{"line":659,"column":8},"end":{"line":661,"column":9}},{"start":{},"end":{}}],"line":659},"39":{"loc":{"start":{"line":659,"column":12},"end":{"line":659,"column":49}},"type":"binary-expr","locations":[{"start":{"line":659,"column":12},"end":{"line":659,"column":22}},{"start":{"line":659,"column":26},"end":{"line":659,"column":49}}],"line":659},"40":{"loc":{"start":{"line":673,"column":8},"end":{"line":677,"column":9}},"type":"if","locations":[{"start":{"line":673,"column":8},"end":{"line":677,"column":9}},{"start":{},"end":{}}],"line":673},"41":{"loc":{"start":{"line":747,"column":4},"end":{"line":747,"column":90}},"type":"if","locations":[{"start":{"line":747,"column":4},"end":{"line":747,"column":90}},{"start":{},"end":{}}],"line":747},"42":{"loc":{"start":{"line":754,"column":4},"end":{"line":754,"column":90}},"type":"if","locations":[{"start":{"line":754,"column":4},"end":{"line":754,"column":90}},{"start":{},"end":{}}],"line":754},"43":{"loc":{"start":{"line":758,"column":8},"end":{"line":758,"column":99}},"type":"if","locations":[{"start":{"line":758,"column":8},"end":{"line":758,"column":99}},{"start":{},"end":{}}],"line":758}},"s":{"0":4,"1":4,"2":4,"3":4,"4":4,"5":4,"6":4,"7":4,"8":4,"9":4,"10":4,"11":4,"12":4,"13":4,"14":2,"15":4,"16":4,"17":4,"18":3,"19":3,"20":2,"21":1,"22":4,"23":6,"24":6,"25":6,"26":6,"27":6,"28":6,"29":6,"30":6,"31":0,"32":6,"33":5,"34":3,"35":3,"36":1,"37":2,"38":1,"39":1,"40":1,"41":1,"42":1,"43":2,"44":2,"45":2,"46":2,"47":1,"48":1,"49":4,"50":6,"51":6,"52":6,"53":5,"54":1,"55":4,"56":4,"57":1,"58":3,"59":1,"60":2,"61":2,"62":1,"63":1,"64":1,"65":1,"66":4,"67":3,"68":3,"69":1,"70":2,"71":2,"72":0,"73":2,"74":1,"75":1,"76":4,"77":3,"78":3,"79":2,"80":1,"81":4,"82":3,"83":3,"84":1,"85":2,"86":1,"87":1,"88":1,"89":4,"90":2,"91":2,"92":2,"93":2,"94":1,"95":1,"96":4,"97":2,"98":2,"99":1,"100":1,"101":4,"102":3,"103":3,"104":3,"105":1,"106":2,"107":2,"108":2,"109":2,"110":2,"111":2,"112":2,"113":1,"114":1,"115":1,"116":1,"117":1,"118":1,"119":1,"120":3,"121":4,"122":2,"123":2,"124":1,"125":1,"126":4,"127":3,"128":3,"129":3,"130":3,"131":3,"132":3,"133":1,"134":2,"135":1,"136":1,"137":1,"138":1,"139":1,"140":1,"141":1,"142":2,"143":2,"144":3,"145":4,"146":3,"147":3,"148":1,"149":2,"150":1,"151":1,"152":4,"153":2,"154":2,"155":2,"156":2,"157":1,"158":1,"159":1,"160":4,"161":2,"162":2,"163":1,"164":1,"165":4,"166":3,"167":3,"168":1,"169":2,"170":2,"171":1,"172":1,"173":4,"174":2,"175":2,"176":2,"177":1,"178":1,"179":4,"180":3,"181":3,"182":1,"183":2,"184":1,"185":1,"186":4,"187":5,"188":5,"189":1,"190":4,"191":4,"192":4,"193":1,"194":3,"195":2,"196":1,"197":1,"198":1,"199":4,"200":3,"201":3,"202":1,"203":2,"204":1,"205":1,"206":4,"207":3,"208":3,"209":1,"210":2,"211":1,"212":1,"213":4,"214":3,"215":3,"216":1,"217":2,"218":1,"219":1,"220":1,"221":4,"222":2,"223":2,"224":1,"225":1,"226":4,"227":3,"228":3,"229":1,"230":2,"231":2,"232":1,"233":1,"234":4,"235":5,"236":5,"237":1,"238":4,"239":4,"240":1,"241":3,"242":2,"243":1,"244":1,"245":1,"246":1,"247":4,"248":2,"249":2,"250":1,"251":1,"252":4,"253":2,"254":2,"255":2,"256":1,"257":1,"258":4,"259":2,"260":2,"261":2,"262":1,"263":1,"264":4,"265":2,"266":1,"267":1,"268":1,"269":4,"270":4,"271":1,"272":3,"273":3,"274":3,"275":2,"276":1,"277":1,"278":1,"279":4},"f":{"0":2,"1":3,"2":6,"3":6,"4":3,"5":0,"6":3,"7":3,"8":2,"9":2,"10":3,"11":2,"12":3,"13":3,"14":2,"15":2,"16":3,"17":2,"18":3,"19":5,"20":3,"21":3,"22":3,"23":2,"24":3,"25":5,"26":2,"27":2,"28":2,"29":2,"30":4},"b":{"0":[6,0],"1":[6,0],"2":[6,5],"3":[6,4],"4":[6,4],"5":[0,6],"6":[6,6,6],"7":[3,2],"8":[3,0],"9":[1,2],"10":[1,1],"11":[1,4],"12":[4,0],"13":[1,3],"14":[1,2],"15":[1,1],"16":[1,2],"17":[1,2],"18":[1,2],"19":[1,1],"20":[1,2],"21":[1,1],"22":[1,2],"23":[1,2],"24":[1,2],"25":[3,1],"26":[1,4],"27":[5,1],"28":[1,3],"29":[1,1],"30":[1,2],"31":[3,1],"32":[1,2],"33":[3,1],"34":[1,2],"35":[3,1],"36":[1,2],"37":[1,4],"38":[1,3],"39":[4,3],"40":[1,1],"41":[1,1],"42":[1,3],"43":[1,1]},"_coverageSchema":"1a1c01bbd47fc00a2c39e90264f33305004495a9","hash":"04ae536e94e02d222782d9312a6eca98b4f9cef0"}
,"C:\\Users\\Harold-Ducon\\Documents\\Conectalocal\\conectalocal-backend\\logic.js": {"path":"C:\\Users\\Harold-Ducon\\Documents\\Conectalocal\\conectalocal-backend\\logic.js","statementMap":{"0":{"start":{"line":3,"column":22},"end":{"line":5,"column":1}},"1":{"start":{"line":4,"column":4},"end":{"line":4,"column":29}},"2":{"start":{"line":8,"column":0},"end":{"line":8,"column":35}}},"fnMap":{"0":{"name":"(anonymous_0)","decl":{"start":{"line":3,"column":22},"end":{"line":3,"column":23}},"loc":{"start":{"line":3,"column":44},"end":{"line":5,"column":1}},"line":3}},"branchMap":{},"s":{"0":5,"1":1,"2":5},"f":{"0":1},"b":{},"_coverageSchema":"1a1c01bbd47fc00a2c39e90264f33305004495a9","hash":"7e705869b4b2b99996aff43d81d33ed841e6ec21"}
}
