TN:
SF:index.js
FN:25,(anonymous_0)
FN:36,(anonymous_1)
FN:48,(anonymous_2)
FN:164,(anonymous_3)
FN:206,(anonymous_4)
FN:211,(anonymous_5)
FN:226,(anonymous_6)
FN:245,(anonymous_7)
FN:271,(anonymous_8)
FN:285,(anonymous_9)
FN:297,(anonymous_10)
FN:339,(anonymous_11)
FN:366,(anonymous_12)
FN:395,(anonymous_13)
FN:427,(anonymous_14)
FN:442,(anonymous_15)
FN:457,(anonymous_16)
FN:477,(anonymous_17)
FN:498,(anonymous_18)
FN:517,(anonymous_19)
FN:551,(anonymous_20)
FN:571,(anonymous_21)
FN:586,(anonymous_22)
FN:618,(anonymous_23)
FN:634,(anonymous_24)
FN:651,(anonymous_25)
FN:695,(anonymous_26)
FN:711,(anonymous_27)
FN:728,(anonymous_28)
FN:746,(anonymous_29)
FN:753,(anonymous_30)
FNF:31
FNH:30
FNDA:2,(anonymous_0)
FNDA:3,(anonymous_1)
FNDA:6,(anonymous_2)
FNDA:6,(anonymous_3)
FNDA:3,(anonymous_4)
FNDA:0,(anonymous_5)
FNDA:3,(anonymous_6)
FNDA:3,(anonymous_7)
FNDA:2,(anonymous_8)
FNDA:2,(anonymous_9)
FNDA:3,(anonymous_10)
FNDA:2,(anonymous_11)
FNDA:3,(anonymous_12)
FNDA:3,(anonymous_13)
FNDA:2,(anonymous_14)
FNDA:2,(anonymous_15)
FNDA:3,(anonymous_16)
FNDA:2,(anonymous_17)
FNDA:3,(anonymous_18)
FNDA:5,(anonymous_19)
FNDA:3,(anonymous_20)
FNDA:3,(anonymous_21)
FNDA:3,(anonymous_22)
FNDA:2,(anonymous_23)
FNDA:3,(anonymous_24)
FNDA:5,(anonymous_25)
FNDA:2,(anonymous_26)
FNDA:2,(anonymous_27)
FNDA:2,(anonymous_28)
FNDA:2,(anonymous_29)
FNDA:4,(anonymous_30)
DA:1,4
DA:2,4
DA:3,4
DA:4,4
DA:5,4
DA:6,4
DA:7,4
DA:8,4
DA:9,4
DA:12,4
DA:14,4
DA:17,4
DA:18,4
DA:23,4
DA:26,2
DA:30,4
DA:31,4
DA:36,4
DA:37,3
DA:38,3
DA:39,2
DA:41,1
DA:48,4
DA:49,6
DA:59,6
DA:61,6
DA:62,6
DA:63,6
DA:64,6
DA:65,6
DA:67,6
DA:68,0
DA:74,6
DA:79,5
DA:80,3
DA:83,3
DA:84,1
DA:90,2
DA:91,1
DA:92,1
DA:94,1
DA:116,1
DA:123,1
DA:129,2
DA:130,2
DA:132,2
DA:149,2
DA:155,1
DA:156,1
DA:164,4
DA:165,6
DA:166,6
DA:167,6
DA:169,5
DA:171,4
DA:173,4
DA:174,1
DA:176,3
DA:177,1
DA:180,2
DA:181,2
DA:183,1
DA:189,1
DA:199,1
DA:206,4
DA:207,3
DA:208,3
DA:210,2
DA:211,2
DA:213,2
DA:217,1
DA:219,1
DA:226,4
DA:227,3
DA:228,3
DA:235,2
DA:237,1
DA:245,4
DA:246,3
DA:247,3
DA:248,1
DA:251,2
DA:263,1
DA:265,1
DA:266,1
DA:271,4
DA:272,2
DA:273,2
DA:274,2
DA:275,2
DA:279,1
DA:281,1
DA:285,4
DA:286,2
DA:287,2
DA:288,1
DA:290,1
DA:297,4
DA:298,3
DA:299,3
DA:300,3
DA:302,2
DA:303,2
DA:305,2
DA:310,2
DA:312,2
DA:313,2
DA:314,2
DA:315,1
DA:318,1
DA:320,1
DA:326,1
DA:327,1
DA:329,1
DA:330,1
DA:332,3
DA:339,4
DA:340,2
DA:341,2
DA:357,1
DA:359,1
DA:366,4
DA:367,3
DA:368,3
DA:369,3
DA:370,3
DA:371,3
DA:373,3
DA:374,2
DA:376,1
DA:377,1
DA:378,1
DA:381,1
DA:382,1
DA:383,1
DA:385,2
DA:386,2
DA:388,3
DA:395,4
DA:396,3
DA:397,3
DA:399,2
DA:418,1
DA:420,1
DA:427,4
DA:428,2
DA:429,2
DA:430,2
DA:431,2
DA:432,1
DA:434,1
DA:435,1
DA:442,4
DA:443,2
DA:444,2
DA:448,1
DA:450,1
DA:457,4
DA:458,3
DA:459,3
DA:461,2
DA:463,2
DA:468,1
DA:470,1
DA:477,4
DA:478,2
DA:479,2
DA:481,2
DA:488,1
DA:490,1
DA:498,4
DA:499,3
DA:501,3
DA:502,1
DA:505,2
DA:508,1
DA:510,1
DA:517,4
DA:518,5
DA:519,5
DA:520,1
DA:523,4
DA:524,4
DA:526,4
DA:527,1
DA:530,3
DA:535,2
DA:536,1
DA:539,1
DA:544,1
DA:551,4
DA:552,3
DA:553,3
DA:554,1
DA:556,2
DA:562,1
DA:564,1
DA:571,4
DA:572,3
DA:573,3
DA:574,1
DA:576,2
DA:577,1
DA:579,1
DA:586,4
DA:587,3
DA:588,3
DA:589,1
DA:593,2
DA:606,1
DA:608,1
DA:609,1
DA:618,4
DA:619,2
DA:620,2
DA:627,1
DA:629,1
DA:634,4
DA:635,3
DA:636,3
DA:638,2
DA:639,2
DA:643,1
DA:645,1
DA:651,4
DA:652,5
DA:653,5
DA:654,1
DA:657,4
DA:659,4
DA:660,1
DA:663,3
DA:673,2
DA:674,1
DA:679,1
DA:684,1
DA:685,1
DA:695,4
DA:696,2
DA:697,2
DA:704,1
DA:706,1
DA:711,4
DA:712,2
DA:713,2
DA:714,2
DA:718,1
DA:720,1
DA:728,4
DA:729,2
DA:730,2
DA:731,2
DA:735,1
DA:737,1
DA:746,4
DA:747,2
DA:748,1
DA:749,1
DA:753,4
DA:754,4
DA:755,3
DA:756,3
DA:757,3
DA:758,2
DA:759,1
DA:760,1
DA:767,4
LF:267
LH:266
BRDA:61,0,0,6
BRDA:61,0,1,0
BRDA:62,1,0,6
BRDA:62,1,1,0
BRDA:63,2,0,6
BRDA:63,2,1,5
BRDA:64,3,0,6
BRDA:64,3,1,4
BRDA:65,4,0,6
BRDA:65,4,1,4
BRDA:67,5,0,0
BRDA:67,5,1,6
BRDA:67,6,0,6
BRDA:67,6,1,6
BRDA:67,6,2,6
BRDA:79,7,0,3
BRDA:79,7,1,2
BRDA:80,8,0,3
BRDA:80,8,1,0
BRDA:83,9,0,1
BRDA:83,9,1,2
BRDA:90,10,0,1
BRDA:90,10,1,1
BRDA:169,11,0,1
BRDA:169,11,1,4
BRDA:171,12,0,4
BRDA:171,12,1,0
BRDA:173,13,0,1
BRDA:173,13,1,3
BRDA:176,14,0,1
BRDA:176,14,1,2
BRDA:181,15,0,1
BRDA:181,15,1,1
BRDA:208,16,0,1
BRDA:208,16,1,2
BRDA:247,17,0,1
BRDA:247,17,1,2
BRDA:300,18,0,1
BRDA:300,18,1,2
BRDA:314,19,0,1
BRDA:314,19,1,1
BRDA:373,20,0,1
BRDA:373,20,1,2
BRDA:374,21,0,1
BRDA:374,21,1,1
BRDA:397,22,0,1
BRDA:397,22,1,2
BRDA:459,23,0,1
BRDA:459,23,1,2
BRDA:501,24,0,1
BRDA:501,24,1,2
BRDA:501,25,0,3
BRDA:501,25,1,1
BRDA:519,26,0,1
BRDA:519,26,1,4
BRDA:519,27,0,5
BRDA:519,27,1,1
BRDA:526,28,0,1
BRDA:526,28,1,3
BRDA:535,29,0,1
BRDA:535,29,1,1
BRDA:553,30,0,1
BRDA:553,30,1,2
BRDA:553,31,0,3
BRDA:553,31,1,1
BRDA:573,32,0,1
BRDA:573,32,1,2
BRDA:573,33,0,3
BRDA:573,33,1,1
BRDA:588,34,0,1
BRDA:588,34,1,2
BRDA:588,35,0,3
BRDA:588,35,1,1
BRDA:636,36,0,1
BRDA:636,36,1,2
BRDA:653,37,0,1
BRDA:653,37,1,4
BRDA:659,38,0,1
BRDA:659,38,1,3
BRDA:659,39,0,4
BRDA:659,39,1,3
BRDA:673,40,0,1
BRDA:673,40,1,1
BRDA:747,41,0,1
BRDA:747,41,1,1
BRDA:754,42,0,1
BRDA:754,42,1,3
BRDA:758,43,0,1
BRDA:758,43,1,1
BRF:89
BRH:84
end_of_record
TN:
SF:logic.js
FN:3,(anonymous_0)
FNF:1
FNH:1
FNDA:1,(anonymous_0)
DA:3,5
DA:4,1
DA:8,5
LF:3
LH:3
BRF:0
BRH:0
end_of_record
