TN:
SF:index.js
FN:25,(anonymous_0)
FN:36,(anonymous_1)
FN:48,(anonymous_2)
FN:103,(anonymous_3)
FN:145,(anonymous_4)
FN:150,(anonymous_5)
FN:165,(anonymous_6)
FN:184,(anonymous_7)
FN:210,(anonymous_8)
FN:224,(anonymous_9)
FN:236,(anonymous_10)
FN:278,(anonymous_11)
FN:305,(anonymous_12)
FN:334,(anonymous_13)
FN:366,(anonymous_14)
FN:381,(anonymous_15)
FN:396,(anonymous_16)
FN:416,(anonymous_17)
FN:437,(anonymous_18)
FN:456,(anonymous_19)
FN:490,(anonymous_20)
FN:510,(anonymous_21)
FN:525,(anonymous_22)
FN:557,(anonymous_23)
FN:573,(anonymous_24)
FN:590,(anonymous_25)
FN:634,(anonymous_26)
FN:650,(anonymous_27)
FN:667,(anonymous_28)
FN:685,(anonymous_29)
FN:692,(anonymous_30)
FNF:31
FNH:30
FNDA:2,(anonymous_0)
FNDA:3,(anonymous_1)
FNDA:6,(anonymous_2)
FNDA:6,(anonymous_3)
FNDA:3,(anonymous_4)
FNDA:0,(anonymous_5)
FNDA:3,(anonymous_6)
FNDA:3,(anonymous_7)
FNDA:2,(anonymous_8)
FNDA:2,(anonymous_9)
FNDA:3,(anonymous_10)
FNDA:2,(anonymous_11)
FNDA:3,(anonymous_12)
FNDA:3,(anonymous_13)
FNDA:2,(anonymous_14)
FNDA:2,(anonymous_15)
FNDA:3,(anonymous_16)
FNDA:2,(anonymous_17)
FNDA:3,(anonymous_18)
FNDA:5,(anonymous_19)
FNDA:3,(anonymous_20)
FNDA:3,(anonymous_21)
FNDA:3,(anonymous_22)
FNDA:2,(anonymous_23)
FNDA:3,(anonymous_24)
FNDA:5,(anonymous_25)
FNDA:2,(anonymous_26)
FNDA:2,(anonymous_27)
FNDA:2,(anonymous_28)
FNDA:2,(anonymous_29)
FNDA:4,(anonymous_30)
DA:1,4
DA:2,4
DA:3,4
DA:4,4
DA:5,4
DA:6,4
DA:7,4
DA:8,4
DA:9,4
DA:12,4
DA:14,4
DA:17,4
DA:18,4
DA:23,4
DA:26,2
DA:30,4
DA:31,4
DA:36,4
DA:37,3
DA:38,3
DA:39,2
DA:41,1
DA:48,4
DA:49,6
DA:50,6
DA:53,6
DA:55,5
DA:56,3
DA:59,3
DA:60,1
DA:66,2
DA:67,1
DA:68,1
DA:70,1
DA:76,1
DA:83,1
DA:87,2
DA:88,2
DA:89,2
DA:93,2
DA:95,1
DA:96,1
DA:103,4
DA:104,6
DA:105,6
DA:106,6
DA:108,5
DA:110,4
DA:112,4
DA:113,1
DA:115,3
DA:116,1
DA:119,2
DA:120,2
DA:122,1
DA:128,1
DA:138,1
DA:145,4
DA:146,3
DA:147,3
DA:149,2
DA:150,2
DA:152,2
DA:156,1
DA:158,1
DA:165,4
DA:166,3
DA:167,3
DA:174,2
DA:176,1
DA:184,4
DA:185,3
DA:186,3
DA:187,1
DA:190,2
DA:202,1
DA:204,1
DA:205,1
DA:210,4
DA:211,2
DA:212,2
DA:213,2
DA:214,2
DA:218,1
DA:220,1
DA:224,4
DA:225,2
DA:226,2
DA:227,1
DA:229,1
DA:236,4
DA:237,3
DA:238,3
DA:239,3
DA:241,2
DA:242,2
DA:244,2
DA:249,2
DA:251,2
DA:252,2
DA:253,2
DA:254,1
DA:257,1
DA:259,1
DA:265,1
DA:266,1
DA:268,1
DA:269,1
DA:271,3
DA:278,4
DA:279,2
DA:280,2
DA:296,1
DA:298,1
DA:305,4
DA:306,3
DA:307,3
DA:308,3
DA:309,3
DA:310,3
DA:312,3
DA:313,2
DA:315,1
DA:316,1
DA:317,1
DA:320,1
DA:321,1
DA:322,1
DA:324,2
DA:325,2
DA:327,3
DA:334,4
DA:335,3
DA:336,3
DA:338,2
DA:357,1
DA:359,1
DA:366,4
DA:367,2
DA:368,2
DA:369,2
DA:370,2
DA:371,1
DA:373,1
DA:374,1
DA:381,4
DA:382,2
DA:383,2
DA:387,1
DA:389,1
DA:396,4
DA:397,3
DA:398,3
DA:400,2
DA:402,2
DA:407,1
DA:409,1
DA:416,4
DA:417,2
DA:418,2
DA:420,2
DA:427,1
DA:429,1
DA:437,4
DA:438,3
DA:440,3
DA:441,1
DA:444,2
DA:447,1
DA:449,1
DA:456,4
DA:457,5
DA:458,5
DA:459,1
DA:462,4
DA:463,4
DA:465,4
DA:466,1
DA:469,3
DA:474,2
DA:475,1
DA:478,1
DA:483,1
DA:490,4
DA:491,3
DA:492,3
DA:493,1
DA:495,2
DA:501,1
DA:503,1
DA:510,4
DA:511,3
DA:512,3
DA:513,1
DA:515,2
DA:516,1
DA:518,1
DA:525,4
DA:526,3
DA:527,3
DA:528,1
DA:532,2
DA:545,1
DA:547,1
DA:548,1
DA:557,4
DA:558,2
DA:559,2
DA:566,1
DA:568,1
DA:573,4
DA:574,3
DA:575,3
DA:577,2
DA:578,2
DA:582,1
DA:584,1
DA:590,4
DA:591,5
DA:592,5
DA:593,1
DA:596,4
DA:598,4
DA:599,1
DA:602,3
DA:612,2
DA:613,1
DA:618,1
DA:623,1
DA:624,1
DA:634,4
DA:635,2
DA:636,2
DA:643,1
DA:645,1
DA:650,4
DA:651,2
DA:652,2
DA:653,2
DA:657,1
DA:659,1
DA:667,4
DA:668,2
DA:669,2
DA:670,2
DA:674,1
DA:676,1
DA:685,4
DA:686,2
DA:687,1
DA:688,1
DA:692,4
DA:693,4
DA:694,3
DA:695,3
DA:696,3
DA:697,2
DA:698,1
DA:699,1
DA:706,4
DA:717,4
LF:261
LH:261
BRDA:55,0,0,3
BRDA:55,0,1,2
BRDA:56,1,0,3
BRDA:56,1,1,0
BRDA:59,2,0,1
BRDA:59,2,1,2
BRDA:66,3,0,1
BRDA:66,3,1,1
BRDA:108,4,0,1
BRDA:108,4,1,4
BRDA:110,5,0,4
BRDA:110,5,1,0
BRDA:112,6,0,1
BRDA:112,6,1,3
BRDA:115,7,0,1
BRDA:115,7,1,2
BRDA:120,8,0,1
BRDA:120,8,1,1
BRDA:147,9,0,1
BRDA:147,9,1,2
BRDA:186,10,0,1
BRDA:186,10,1,2
BRDA:239,11,0,1
BRDA:239,11,1,2
BRDA:253,12,0,1
BRDA:253,12,1,1
BRDA:312,13,0,1
BRDA:312,13,1,2
BRDA:313,14,0,1
BRDA:313,14,1,1
BRDA:336,15,0,1
BRDA:336,15,1,2
BRDA:398,16,0,1
BRDA:398,16,1,2
BRDA:440,17,0,1
BRDA:440,17,1,2
BRDA:440,18,0,3
BRDA:440,18,1,1
BRDA:458,19,0,1
BRDA:458,19,1,4
BRDA:458,20,0,5
BRDA:458,20,1,1
BRDA:465,21,0,1
BRDA:465,21,1,3
BRDA:474,22,0,1
BRDA:474,22,1,1
BRDA:492,23,0,1
BRDA:492,23,1,2
BRDA:492,24,0,3
BRDA:492,24,1,1
BRDA:512,25,0,1
BRDA:512,25,1,2
BRDA:512,26,0,3
BRDA:512,26,1,1
BRDA:527,27,0,1
BRDA:527,27,1,2
BRDA:527,28,0,3
BRDA:527,28,1,1
BRDA:575,29,0,1
BRDA:575,29,1,2
BRDA:592,30,0,1
BRDA:592,30,1,4
BRDA:598,31,0,1
BRDA:598,31,1,3
BRDA:598,32,0,4
BRDA:598,32,1,3
BRDA:612,33,0,1
BRDA:612,33,1,1
BRDA:686,34,0,1
BRDA:686,34,1,1
BRDA:693,35,0,1
BRDA:693,35,1,3
BRDA:697,36,0,1
BRDA:697,36,1,1
BRF:74
BRH:72
end_of_record
TN:
SF:logic.js
FN:3,(anonymous_0)
FNF:1
FNH:1
FNDA:1,(anonymous_0)
DA:3,5
DA:4,1
DA:8,5
LF:3
LH:3
BRF:0
BRH:0
end_of_record
